Log file open, 07/03/19 19:19:11
LogWindows: Failed to load 'aqProf.dll' (GetLastError=126)
LogWindows: File 'aqProf.dll' does not exist
LogWindows: Failed to load 'VtuneApi.dll' (GetLastError=126)
LogWindows: File 'VtuneApi.dll' does not exist
LogWindows: Failed to load 'VtuneApi32e.dll' (GetLastError=126)
LogWindows: File 'VtuneApi32e.dll' does not exist
LogConsoleResponse: Display: Failed to find resolution value strings in scalability ini. Falling back to default.
LogInit: Display: Running engine for game: PlanetOfPeacecraft1
LogPakFile: Registered encryption key '00000000000000000000000000000000': 0 pak files mounted, 0 remain pending
LogPlatformFile: Not using cached read wrapper
LogTaskGraph: Started task graph with 5 named threads and 14 total threads with 3 sets of task threads.
LogStats: Stats thread started at 0.493121
LogD3D11RHI: Loaded GFSDK_Aftermath_Lib.x64.dll
LogICUInternationalization: ICU TimeZone Detection - Raw Offset: +10:00, Platform Override: ''
LogPluginManager: Mounting plugin Paper2D
LogPluginManager: Mounting plugin AISupport
LogPluginManager: Mounting plugin LightPropagationVolume
LogPluginManager: Mounting plugin ActorLayerUtilities
LogPluginManager: Mounting plugin AnimationSharing
LogPluginManager: Mounting plugin CLionSourceCodeAccess
LogPluginManager: Mounting plugin CodeLiteSourceCodeAccess
LogPluginManager: Mounting plugin GitSourceControl
LogPluginManager: Mounting plugin KDevelopSourceCodeAccess
LogPluginManager: Mounting plugin NullSourceCodeAccess
LogPluginManager: Mounting plugin PerforceSourceControl
LogPluginManager: Mounting plugin SubversionSourceControl
LogPluginManager: Mounting plugin UObjectPlugin
LogPluginManager: Mounting plugin VisualStudioCodeSourceCodeAccess
LogPluginManager: Mounting plugin VisualStudioSourceCodeAccess
LogPluginManager: Mounting plugin XCodeSourceCodeAccess
LogPluginManager: Mounting plugin AssetManagerEditor
LogPluginManager: Mounting plugin CryptoKeys
LogPluginManager: Mounting plugin DataValidation
LogPluginManager: Mounting plugin FacialAnimation
LogPluginManager: Mounting plugin GameplayTagsEditor
LogPluginManager: Mounting plugin MacGraphicsSwitching
LogPluginManager: Mounting plugin MaterialAnalyzer
LogPluginManager: Mounting plugin MobileLauncherProfileWizard
LogPluginManager: Mounting plugin PluginBrowser
LogPluginManager: Mounting plugin SpeedTreeImporter
LogPluginManager: Mounting plugin DatasmithContent
LogPluginManager: Mounting plugin VariantManagerContent
LogPluginManager: Mounting plugin AlembicImporter
LogPluginManager: Mounting plugin AppleImageUtils
LogPluginManager: Mounting plugin AppleVision
LogPluginManager: Mounting plugin BackChannel
LogPluginManager: Mounting plugin CharacterAI
LogPluginManager: Mounting plugin GeometryCache
LogPluginManager: Mounting plugin HTML5Networking
LogPluginManager: Mounting plugin ProxyLODPlugin
LogPluginManager: Mounting plugin SkeletalReduction
LogPluginManager: Mounting plugin MagicLeap
LogPluginManager: Mounting plugin MagicLeapMedia
LogPluginManager: Mounting plugin AndroidMedia
LogPluginManager: Mounting plugin AvfMedia
LogPluginManager: Mounting plugin ImgMedia
LogPluginManager: Mounting plugin LinearTimecode
LogPluginManager: Mounting plugin MediaCompositing
LogPluginManager: Mounting plugin MediaPlayerEditor
LogPluginManager: Mounting plugin WebMMedia
LogPluginManager: Mounting plugin WmfMedia
LogPluginManager: Mounting plugin TcpMessaging
LogPluginManager: Mounting plugin UdpMessaging
LogPluginManager: Mounting plugin ActorSequence
LogPluginManager: Mounting plugin LevelSequenceEditor
LogPluginManager: Mounting plugin MatineeToLevelSequence
LogPluginManager: Mounting plugin NetcodeUnitTest
LogPluginManager: Mounting plugin NUTUnrealEngine4
LogPluginManager: Mounting plugin OnlineSubsystemGooglePlay
LogPluginManager: Mounting plugin OnlineSubsystemIOS
LogPluginManager: Mounting plugin OnlineSubsystem
LogPluginManager: Mounting plugin OnlineSubsystemNull
LogPluginManager: Mounting plugin OnlineSubsystemUtils
LogPluginManager: Mounting plugin LauncherChunkInstaller
LogPluginManager: Mounting plugin AndroidDeviceProfileSelector
LogPluginManager: Mounting plugin AndroidMoviePlayer
LogPluginManager: Mounting plugin AndroidPermission
LogPluginManager: Mounting plugin AppleMoviePlayer
LogPluginManager: Mounting plugin ArchVisCharacter
LogPluginManager: Mounting plugin AudioCapture
LogPluginManager: Mounting plugin CableComponent
LogPluginManager: Mounting plugin CustomMeshComponent
LogPluginManager: Mounting plugin EditableMesh
LogPluginManager: Mounting plugin ExampleDeviceProfileSelector
LogPluginManager: Mounting plugin Firebase
LogPluginManager: Mounting plugin GoogleCloudMessaging
LogPluginManager: Mounting plugin IOSDeviceProfileSelector
LogPluginManager: Mounting plugin LinuxDeviceProfileSelector
LogPluginManager: Mounting plugin LocationServicesBPLibrary
LogPluginManager: Mounting plugin MobilePatchingUtils
LogPluginManager: Mounting plugin OculusVR
LogPluginManager: Mounting plugin PhysXVehicles
LogPluginManager: Mounting plugin ProceduralMeshComponent
LogPluginManager: Mounting plugin RuntimePhysXCooking
LogPluginManager: Mounting plugin SignificanceManager
LogPluginManager: Mounting plugin SteamVR
LogPluginManager: Mounting plugin WebMMoviePlayer
LogPluginManager: Mounting plugin WindowsMoviePlayer
LogInit: Using libcurl 7.55.1-DEV
LogInit:  - built for x86_64-pc-win32
LogInit:  - supports SSL with OpenSSL/1.1.1
LogInit:  - supports HTTP deflate (compression) using libz 1.2.8
LogInit:  - other features:
LogInit:      CURL_VERSION_SSL
LogInit:      CURL_VERSION_LIBZ
LogInit:      CURL_VERSION_IPV6
LogInit:      CURL_VERSION_ASYNCHDNS
LogInit:      CURL_VERSION_LARGEFILE
LogInit:      CURL_VERSION_IDN
LogInit:  CurlRequestOptions (configurable via config and command line):
LogInit:  - bVerifyPeer = true  - Libcurl will verify peer certificate
LogInit:  - bUseHttpProxy = false  - Libcurl will NOT use HTTP proxy
LogInit:  - bDontReuseConnections = false  - Libcurl will reuse connections
LogInit:  - MaxHostConnections = 16  - Libcurl will limit the number of connections to a host
LogInit:  - LocalHostAddr = Default
LogInit:  - BufferSize = 65536
LogInit: WinSock: version 1.1 (2.2), MaxSocks=32767, MaxUdp=65467
LogInit: Build: ++UE4+Release-4.22-CL-6574378
LogInit: Engine Version: 4.22.2-6574378+++UE4+Release-4.22
LogInit: Compatible Engine Version: 4.22.0-5660361+++UE4+Release-4.22
LogInit: Net CL: 5660361
LogInit: OS: Windows 10 (Release 1803) (), CPU: Intel(R) Core(TM) i5-4460T CPU @ 1.90GHz, GPU: Intel(R) HD Graphics 4600
LogInit: Compiled (64-bit): May 20 2019 09:54:56
LogInit: Compiled with Visual C++: 19.16.27025.01
LogInit: Build Configuration: Development
LogInit: Branch Name: ++UE4+Release-4.22
LogInit: Command Line: 
LogInit: Base Directory: C:/Program Files/Epic Games/UE_4.22/Engine/Binaries/Win64/
LogInit: Installed Engine Build: 1
LogDevObjectVersion: Number of dev versions registered: 23
LogDevObjectVersion:   Dev-Blueprints (B0D832E4-1F89-4F0D-ACCF-7EB736FD4AA2): 10
LogDevObjectVersion:   Dev-Build (E1C64328-A22C-4D53-A36C-8E866417BD8C): 0
LogDevObjectVersion:   Dev-Core (375EC13C-06E4-48FB-B500-84F0262A717E): 3
LogDevObjectVersion:   Dev-Editor (E4B068ED-F494-42E9-A231-DA0B2E46BB41): 30
LogDevObjectVersion:   Dev-Framework (CFFC743F-43B0-4480-9391-14DF171D2073): 35
LogDevObjectVersion:   Dev-Mobile (B02B49B5-BB20-44E9-A304-32B752E40360): 2
LogDevObjectVersion:   Dev-Networking (A4E4105C-59A1-49B5-A7C5-40C4547EDFEE): 0
LogDevObjectVersion:   Dev-Online (39C831C9-5AE6-47DC-9A44-9C173E1C8E7C): 0
LogDevObjectVersion:   Dev-Physics (78F01B33-EBEA-4F98-B9B4-84EACCB95AA2): 0
LogDevObjectVersion:   Dev-Platform (6631380F-2D4D-43E0-8009-CF276956A95A): 0
LogDevObjectVersion:   Dev-Rendering (12F88B9F-8875-4AFC-A67C-D90C383ABD29): 28
LogDevObjectVersion:   Dev-Sequencer (7B5AE74C-D270-4C10-A958-57980B212A5A): 11
LogDevObjectVersion:   Dev-VR (D7296918-1DD6-4BDD-9DE2-64A83CC13884): 2
LogDevObjectVersion:   Dev-LoadTimes (C2A15278-BFE7-4AFE-6C17-90FF531DF755): 1
LogDevObjectVersion:   Private-Geometry (6EACA3D4-40EC-4CC1-B786-8BED09428FC5): 3
LogDevObjectVersion:   Dev-AnimPhys (29E575DD-E0A3-4627-9D10-D276232CDCEA): 17
LogDevObjectVersion:   Dev-Anim (AF43A65D-7FD3-4947-9873-3E8ED9C1BB05): 2
LogDevObjectVersion:   Dev-ReflectionCapture (6B266CEC-1EC7-4B8F-A30B-E4D90942FC07): 1
LogDevObjectVersion:   Dev-Automation (0DF73D61-A23F-47EA-B727-89E90C41499A): 1
LogDevObjectVersion:   FortniteMain (601D1886-AC64-4F84-AA16-D3DE0DEAC7D6): 25
LogDevObjectVersion:   Dev-Enterprise (9DFFBCD6-494F-0158-E221-12823C92A888): 6
LogDevObjectVersion:   Dev-Niagara (F2AED0AC-9AFE-416F-8664-AA7FFA26D6FC): 1
LogDevObjectVersion:   Dev-Destruction (174F1F0B-B4C6-45A5-B13F-2EE8D0FB917D): 2
LogInit: Presizing for max 16777216 objects, including 0 objects not considered by GC, pre-allocating 0 bytes for permanent pool.
LogInit: Object subsystem initialized
LogConfig: Setting CVar [[con.DebugEarlyDefault:1]]
LogConfig: Setting CVar [[r.setres:1280x720]]
[2019.07.03-09.19.12:486][  0]LogConfig: Setting CVar [[r.VSync:0]]
[2019.07.03-09.19.12:486][  0]LogConfig: Setting CVar [[r.RHICmdBypass:0]]
[2019.07.03-09.19.12:486][  0]LogConfig: Applying CVar settings from Section [/Script/Engine.RendererSettings] File [C:/Users/Radio Rentals/Documents/GitHub/gameproduction/PlanetOfPeacecraft1/Saved/Config/Windows/Engine.ini]
[2019.07.03-09.19.12:486][  0]LogConfig: Setting CVar [[r.GPUCrashDebugging:0]]
[2019.07.03-09.19.12:486][  0]LogConfig: Applying CVar settings from Section [/Script/Engine.RendererOverrideSettings] File [C:/Users/Radio Rentals/Documents/GitHub/gameproduction/PlanetOfPeacecraft1/Saved/Config/Windows/Engine.ini]
[2019.07.03-09.19.12:486][  0]LogConfig: Applying CVar settings from Section [/Script/Engine.StreamingSettings] File [C:/Users/Radio Rentals/Documents/GitHub/gameproduction/PlanetOfPeacecraft1/Saved/Config/Windows/Engine.ini]
[2019.07.03-09.19.12:486][  0]LogConfig: Setting CVar [[s.MinBulkDataSizeForAsyncLoading:131072]]
[2019.07.03-09.19.12:486][  0]LogConfig: Setting CVar [[s.AsyncLoadingThreadEnabled:0]]
[2019.07.03-09.19.12:486][  0]LogConfig: Setting CVar [[s.EventDrivenLoaderEnabled:1]]
[2019.07.03-09.19.12:486][  0]LogConfig: Setting CVar [[s.WarnIfTimeLimitExceeded:0]]
[2019.07.03-09.19.12:486][  0]LogConfig: Setting CVar [[s.TimeLimitExceededMultiplier:1.5]]
[2019.07.03-09.19.12:486][  0]LogConfig: Setting CVar [[s.TimeLimitExceededMinTime:0.005]]
[2019.07.03-09.19.12:486][  0]LogConfig: Setting CVar [[s.UseBackgroundLevelStreaming:1]]
[2019.07.03-09.19.12:486][  0]LogConfig: Setting CVar [[s.PriorityAsyncLoadingExtraTime:15.0]]
[2019.07.03-09.19.12:486][  0]LogConfig: Setting CVar [[s.LevelStreamingActorsUpdateTimeLimit:5.0]]
[2019.07.03-09.19.12:486][  0]LogConfig: Setting CVar [[s.PriorityLevelStreamingActorsUpdateExtraTime:5.0]]
[2019.07.03-09.19.12:486][  0]LogConfig: Setting CVar [[s.LevelStreamingComponentsRegistrationGranularity:10]]
[2019.07.03-09.19.12:486][  0]LogConfig: Setting CVar [[s.UnregisterComponentsTimeLimit:1.0]]
[2019.07.03-09.19.12:486][  0]LogConfig: Setting CVar [[s.LevelStreamingComponentsUnregistrationGranularity:5]]
[2019.07.03-09.19.12:486][  0]LogConfig: Applying CVar settings from Section [/Script/Engine.GarbageCollectionSettings] File [C:/Users/Radio Rentals/Documents/GitHub/gameproduction/PlanetOfPeacecraft1/Saved/Config/Windows/Engine.ini]
[2019.07.03-09.19.12:486][  0]LogConfig: Setting CVar [[gc.MaxObjectsNotConsideredByGC:1]]
[2019.07.03-09.19.12:486][  0]LogConfig: Setting CVar [[gc.SizeOfPermanentObjectPool:0]]
[2019.07.03-09.19.12:486][  0]LogConfig: Setting CVar [[gc.FlushStreamingOnGC:0]]
[2019.07.03-09.19.12:486][  0]LogConfig: Setting CVar [[gc.NumRetriesBeforeForcingGC:10]]
[2019.07.03-09.19.12:486][  0]LogConfig: Setting CVar [[gc.AllowParallelGC:1]]
[2019.07.03-09.19.12:486][  0]LogConfig: Setting CVar [[gc.TimeBetweenPurgingPendingKillObjects:61.1]]
[2019.07.03-09.19.12:487][  0]LogConfig: Setting CVar [[gc.MaxObjectsInEditor:16777216]]
[2019.07.03-09.19.12:487][  0]LogConfig: Setting CVar [[gc.IncrementalBeginDestroyEnabled:1]]
[2019.07.03-09.19.12:487][  0]LogConfig: Setting CVar [[gc.CreateGCClusters:1]]
[2019.07.03-09.19.12:487][  0]LogConfig: Setting CVar [[gc.MinGCClusterSize:5]]
[2019.07.03-09.19.12:487][  0]LogConfig: Setting CVar [[gc.ActorClusteringEnabled:0]]
[2019.07.03-09.19.12:487][  0]LogConfig: Setting CVar [[gc.BlueprintClusteringEnabled:0]]
[2019.07.03-09.19.12:487][  0]LogConfig: Setting CVar [[gc.UseDisregardForGCOnDedicatedServers:0]]
[2019.07.03-09.19.12:487][  0]LogConfig: Applying CVar settings from Section [/Script/Engine.NetworkSettings] File [C:/Users/Radio Rentals/Documents/GitHub/gameproduction/PlanetOfPeacecraft1/Saved/Config/Windows/Engine.ini]
[2019.07.03-09.19.12:487][  0]LogConfig: Applying CVar settings from Section [/Script/UnrealEd.CookerSettings] File [C:/Users/Radio Rentals/Documents/GitHub/gameproduction/PlanetOfPeacecraft1/Saved/Config/Windows/Engine.ini]
[2019.07.03-09.19.12:500][  0]LogConfig: Applying CVar settings from Section [ViewDistanceQuality@3] File [C:/Users/Radio Rentals/Documents/GitHub/gameproduction/PlanetOfPeacecraft1/Saved/Config/Windows/Scalability.ini]
[2019.07.03-09.19.12:500][  0]LogConfig: Setting CVar [[r.SkeletalMeshLODBias:0]]
[2019.07.03-09.19.12:500][  0]LogConfig: Setting CVar [[r.ViewDistanceScale:1.0]]
[2019.07.03-09.19.12:500][  0]LogConfig: Applying CVar settings from Section [AntiAliasingQuality@3] File [C:/Users/Radio Rentals/Documents/GitHub/gameproduction/PlanetOfPeacecraft1/Saved/Config/Windows/Scalability.ini]
[2019.07.03-09.19.12:500][  0]LogConfig: Setting CVar [[r.PostProcessAAQuality:4]]
[2019.07.03-09.19.12:500][  0]LogConfig: Applying CVar settings from Section [ShadowQuality@3] File [C:/Users/Radio Rentals/Documents/GitHub/gameproduction/PlanetOfPeacecraft1/Saved/Config/Windows/Scalability.ini]
[2019.07.03-09.19.12:500][  0]LogConfig: Setting CVar [[r.LightFunctionQuality:1]]
[2019.07.03-09.19.12:500][  0]LogConfig: Setting CVar [[r.ShadowQuality:5]]
[2019.07.03-09.19.12:500][  0]LogConfig: Setting CVar [[r.Shadow.CSM.MaxCascades:10]]
[2019.07.03-09.19.12:500][  0]LogConfig: Setting CVar [[r.Shadow.MaxResolution:2048]]
[2019.07.03-09.19.12:500][  0]LogConfig: Setting CVar [[r.Shadow.MaxCSMResolution:2048]]
[2019.07.03-09.19.12:500][  0]LogConfig: Setting CVar [[r.Shadow.RadiusThreshold:0.01]]
[2019.07.03-09.19.12:500][  0]LogConfig: Setting CVar [[r.Shadow.DistanceScale:1.0]]
[2019.07.03-09.19.12:500][  0]LogConfig: Setting CVar [[r.Shadow.CSM.TransitionScale:1.0]]
[2019.07.03-09.19.12:500][  0]LogConfig: Setting CVar [[r.Shadow.PreShadowResolutionFactor:1.0]]
[2019.07.03-09.19.12:500][  0]LogConfig: Setting CVar [[r.DistanceFieldShadowing:1]]
[2019.07.03-09.19.12:500][  0]LogConfig: Setting CVar [[r.DistanceFieldAO:1]]
[2019.07.03-09.19.12:500][  0]LogConfig: Setting CVar [[r.AOQuality:2]]
[2019.07.03-09.19.12:500][  0]LogConfig: Setting CVar [[r.VolumetricFog:1]]
[2019.07.03-09.19.12:500][  0]LogConfig: Setting CVar [[r.VolumetricFog.GridPixelSize:8]]
[2019.07.03-09.19.12:500][  0]LogConfig: Setting CVar [[r.VolumetricFog.GridSizeZ:128]]
[2019.07.03-09.19.12:500][  0]LogConfig: Setting CVar [[r.VolumetricFog.HistoryMissSupersampleCount:4]]
[2019.07.03-09.19.12:500][  0]LogConfig: Setting CVar [[r.LightMaxDrawDistanceScale:1]]
[2019.07.03-09.19.12:500][  0]LogConfig: Setting CVar [[r.CapsuleShadows:1]]
[2019.07.03-09.19.12:500][  0]LogConfig: Applying CVar settings from Section [PostProcessQuality@3] File [C:/Users/Radio Rentals/Documents/GitHub/gameproduction/PlanetOfPeacecraft1/Saved/Config/Windows/Scalability.ini]
[2019.07.03-09.19.12:500][  0]LogConfig: Setting CVar [[r.MotionBlurQuality:4]]
[2019.07.03-09.19.12:500][  0]LogConfig: Setting CVar [[r.AmbientOcclusionMipLevelFactor:0.4]]
[2019.07.03-09.19.12:500][  0]LogConfig: Setting CVar [[r.AmbientOcclusionMaxQuality:100]]
[2019.07.03-09.19.12:500][  0]LogConfig: Setting CVar [[r.AmbientOcclusionLevels:-1]]
[2019.07.03-09.19.12:500][  0]LogConfig: Setting CVar [[r.AmbientOcclusionRadiusScale:1.0]]
[2019.07.03-09.19.12:500][  0]LogConfig: Setting CVar [[r.DepthOfFieldQuality:2]]
[2019.07.03-09.19.12:500][  0]LogConfig: Setting CVar [[r.RenderTargetPoolMin:400]]
[2019.07.03-09.19.12:500][  0]LogConfig: Setting CVar [[r.LensFlareQuality:2]]
[2019.07.03-09.19.12:500][  0]LogConfig: Setting CVar [[r.SceneColorFringeQuality:1]]
[2019.07.03-09.19.12:500][  0]LogConfig: Setting CVar [[r.EyeAdaptationQuality:2]]
[2019.07.03-09.19.12:500][  0]LogConfig: Setting CVar [[r.BloomQuality:5]]
[2019.07.03-09.19.12:500][  0]LogConfig: Setting CVar [[r.FastBlurThreshold:100]]
[2019.07.03-09.19.12:500][  0]LogConfig: Setting CVar [[r.Upscale.Quality:3]]
[2019.07.03-09.19.12:500][  0]LogConfig: Setting CVar [[r.Tonemapper.GrainQuantization:1]]
[2019.07.03-09.19.12:501][  0]LogConfig: Setting CVar [[r.LightShaftQuality:1]]
[2019.07.03-09.19.12:501][  0]LogConfig: Setting CVar [[r.Filter.SizeScale:1]]
[2019.07.03-09.19.12:501][  0]LogConfig: Setting CVar [[r.Tonemapper.Quality:5]]
[2019.07.03-09.19.12:501][  0]LogConfig: Setting CVar [[r.DOF.Gather.AccumulatorQuality:1        ; higher gathering accumulator quality]]
[2019.07.03-09.19.12:501][  0]LogConfig: Setting CVar [[r.DOF.Gather.PostfilterMethod:1          ; Median3x3 postfilering method]]
[2019.07.03-09.19.12:501][  0]LogConfig: Setting CVar [[r.DOF.Gather.EnableBokehSettings:0       ; no bokeh simulation when gathering]]
[2019.07.03-09.19.12:501][  0]LogConfig: Setting CVar [[r.DOF.Gather.RingCount:4                 ; medium number of samples when gathering]]
[2019.07.03-09.19.12:501][  0]LogConfig: Setting CVar [[r.DOF.Scatter.ForegroundCompositing:1    ; additive foreground scattering]]
[2019.07.03-09.19.12:501][  0]LogConfig: Setting CVar [[r.DOF.Scatter.BackgroundCompositing:2    ; additive background scattering]]
[2019.07.03-09.19.12:501][  0]LogConfig: Setting CVar [[r.DOF.Scatter.EnableBokehSettings:1      ; bokeh simulation when scattering]]
[2019.07.03-09.19.12:501][  0]LogConfig: Setting CVar [[r.DOF.Scatter.MaxSpriteRatio:0.1         ; only a maximum of 10% of scattered bokeh]]
[2019.07.03-09.19.12:501][  0]LogConfig: Setting CVar [[r.DOF.Recombine.Quality:1                ; cheap slight out of focus]]
[2019.07.03-09.19.12:501][  0]LogConfig: Setting CVar [[r.DOF.Recombine.EnableBokehSettings:0    ; no bokeh simulation on slight out of focus]]
[2019.07.03-09.19.12:501][  0]LogConfig: Setting CVar [[r.DOF.TemporalAAQuality:1                ; more stable temporal accumulation]]
[2019.07.03-09.19.12:501][  0]LogConfig: Setting CVar [[r.DOF.Kernel.MaxForegroundRadius:0.025]]
[2019.07.03-09.19.12:501][  0]LogConfig: Setting CVar [[r.DOF.Kernel.MaxBackgroundRadius:0.025]]
[2019.07.03-09.19.12:501][  0]LogConfig: Applying CVar settings from Section [TextureQuality@3] File [C:/Users/Radio Rentals/Documents/GitHub/gameproduction/PlanetOfPeacecraft1/Saved/Config/Windows/Scalability.ini]
[2019.07.03-09.19.12:501][  0]LogConfig: Setting CVar [[r.Streaming.MipBias:0]]
[2019.07.03-09.19.12:501][  0]LogConfig: Setting CVar [[r.Streaming.AmortizeCPUToGPUCopy:0]]
[2019.07.03-09.19.12:501][  0]LogConfig: Setting CVar [[r.Streaming.MaxNumTexturesToStreamPerFrame:0]]
[2019.07.03-09.19.12:501][  0]LogConfig: Setting CVar [[r.Streaming.Boost:1]]
[2019.07.03-09.19.12:501][  0]LogConfig: Setting CVar [[r.MaxAnisotropy:8]]
[2019.07.03-09.19.12:501][  0]LogConfig: Setting CVar [[r.Streaming.LimitPoolSizeToVRAM:0]]
[2019.07.03-09.19.12:501][  0]LogConfig: Setting CVar [[r.Streaming.PoolSize:1000]]
[2019.07.03-09.19.12:501][  0]LogConfig: Setting CVar [[r.Streaming.MaxEffectiveScreenSize:0]]
[2019.07.03-09.19.12:501][  0]LogConfig: Applying CVar settings from Section [EffectsQuality@3] File [C:/Users/Radio Rentals/Documents/GitHub/gameproduction/PlanetOfPeacecraft1/Saved/Config/Windows/Scalability.ini]
[2019.07.03-09.19.12:501][  0]LogConfig: Setting CVar [[r.TranslucencyLightingVolumeDim:64]]
[2019.07.03-09.19.12:501][  0]LogConfig: Setting CVar [[r.RefractionQuality:2]]
[2019.07.03-09.19.12:501][  0]LogConfig: Setting CVar [[r.SSR.Quality:3]]
[2019.07.03-09.19.12:501][  0]LogConfig: Setting CVar [[r.SceneColorFormat:4]]
[2019.07.03-09.19.12:501][  0]LogConfig: Setting CVar [[r.DetailMode:2]]
[2019.07.03-09.19.12:501][  0]LogConfig: Setting CVar [[r.TranslucencyVolumeBlur:1]]
[2019.07.03-09.19.12:501][  0]LogConfig: Setting CVar [[r.MaterialQualityLevel:1 ; High quality]]
[2019.07.03-09.19.12:501][  0]LogConfig: Setting CVar [[r.SSS.Scale:1]]
[2019.07.03-09.19.12:501][  0]LogConfig: Setting CVar [[r.SSS.SampleSet:2]]
[2019.07.03-09.19.12:501][  0]LogConfig: Setting CVar [[r.SSS.Quality:1]]
[2019.07.03-09.19.12:501][  0]LogConfig: Setting CVar [[r.SSS.HalfRes:1]]
[2019.07.03-09.19.12:501][  0]LogConfig: Setting CVar [[r.EmitterSpawnRateScale:1.0]]
[2019.07.03-09.19.12:501][  0]LogConfig: Setting CVar [[r.ParticleLightQuality:2]]
[2019.07.03-09.19.12:501][  0]LogConfig: Applying CVar settings from Section [FoliageQuality@3] File [C:/Users/Radio Rentals/Documents/GitHub/gameproduction/PlanetOfPeacecraft1/Saved/Config/Windows/Scalability.ini]
[2019.07.03-09.19.12:501][  0]LogConfig: Setting CVar [[foliage.DensityScale:1.0]]
[2019.07.03-09.19.12:501][  0]LogConfig: Setting CVar [[grass.DensityScale:1.0]]
[2019.07.03-09.19.12:501][  0]LogInit: Selected Device Profile: [Windows]
[2019.07.03-09.19.12:501][  0]LogInit: Applying CVar settings loaded from the selected device profile: [Windows]
[2019.07.03-09.19.12:522][  0]LogHAL: Display: Platform has ~ 8 GB [8472207360 / 8589934592 / 8], which maps to Default [LargestMinGB=32, LargerMinGB=12, DefaultMinGB=8, SmallerMinGB=6, SmallestMinGB=0)
[2019.07.03-09.19.12:522][  0]LogConfig: Setting CVar [[r.Vulkan.UseRealUBs:0		; Required until we fix HLR fall-out]]
[2019.07.03-09.19.12:523][  0]LogInit: Going up to parent DeviceProfile []
[2019.07.03-09.19.12:523][  0]LogConfig: Applying CVar settings from Section [ViewDistanceQuality@3] File [C:/Users/Radio Rentals/Documents/GitHub/gameproduction/PlanetOfPeacecraft1/Saved/Config/Windows/Scalability.ini]
[2019.07.03-09.19.12:523][  0]LogConfig: Setting CVar [[r.SkeletalMeshLODBias:0]]
[2019.07.03-09.19.12:523][  0]LogConfig: Setting CVar [[r.ViewDistanceScale:1.0]]
[2019.07.03-09.19.12:523][  0]LogConfig: Applying CVar settings from Section [AntiAliasingQuality@3] File [C:/Users/Radio Rentals/Documents/GitHub/gameproduction/PlanetOfPeacecraft1/Saved/Config/Windows/Scalability.ini]
[2019.07.03-09.19.12:523][  0]LogConfig: Setting CVar [[r.PostProcessAAQuality:4]]
[2019.07.03-09.19.12:523][  0]LogConfig: Applying CVar settings from Section [ShadowQuality@3] File [C:/Users/Radio Rentals/Documents/GitHub/gameproduction/PlanetOfPeacecraft1/Saved/Config/Windows/Scalability.ini]
[2019.07.03-09.19.12:523][  0]LogConfig: Setting CVar [[r.LightFunctionQuality:1]]
[2019.07.03-09.19.12:523][  0]LogConfig: Setting CVar [[r.ShadowQuality:5]]
[2019.07.03-09.19.12:523][  0]LogConfig: Setting CVar [[r.Shadow.CSM.MaxCascades:10]]
[2019.07.03-09.19.12:523][  0]LogConfig: Setting CVar [[r.Shadow.MaxResolution:2048]]
[2019.07.03-09.19.12:523][  0]LogConfig: Setting CVar [[r.Shadow.MaxCSMResolution:2048]]
[2019.07.03-09.19.12:523][  0]LogConfig: Setting CVar [[r.Shadow.RadiusThreshold:0.01]]
[2019.07.03-09.19.12:523][  0]LogConfig: Setting CVar [[r.Shadow.DistanceScale:1.0]]
[2019.07.03-09.19.12:523][  0]LogConfig: Setting CVar [[r.Shadow.CSM.TransitionScale:1.0]]
[2019.07.03-09.19.12:523][  0]LogConfig: Setting CVar [[r.Shadow.PreShadowResolutionFactor:1.0]]
[2019.07.03-09.19.12:523][  0]LogConfig: Setting CVar [[r.DistanceFieldShadowing:1]]
[2019.07.03-09.19.12:523][  0]LogConfig: Setting CVar [[r.DistanceFieldAO:1]]
[2019.07.03-09.19.12:523][  0]LogConfig: Setting CVar [[r.AOQuality:2]]
[2019.07.03-09.19.12:523][  0]LogConfig: Setting CVar [[r.VolumetricFog:1]]
[2019.07.03-09.19.12:523][  0]LogConfig: Setting CVar [[r.VolumetricFog.GridPixelSize:8]]
[2019.07.03-09.19.12:523][  0]LogConfig: Setting CVar [[r.VolumetricFog.GridSizeZ:128]]
[2019.07.03-09.19.12:523][  0]LogConfig: Setting CVar [[r.VolumetricFog.HistoryMissSupersampleCount:4]]
[2019.07.03-09.19.12:523][  0]LogConfig: Setting CVar [[r.LightMaxDrawDistanceScale:1]]
[2019.07.03-09.19.12:523][  0]LogConfig: Setting CVar [[r.CapsuleShadows:1]]
[2019.07.03-09.19.12:523][  0]LogConfig: Applying CVar settings from Section [PostProcessQuality@3] File [C:/Users/Radio Rentals/Documents/GitHub/gameproduction/PlanetOfPeacecraft1/Saved/Config/Windows/Scalability.ini]
[2019.07.03-09.19.12:523][  0]LogConfig: Setting CVar [[r.MotionBlurQuality:4]]
[2019.07.03-09.19.12:523][  0]LogConfig: Setting CVar [[r.AmbientOcclusionMipLevelFactor:0.4]]
[2019.07.03-09.19.12:523][  0]LogConfig: Setting CVar [[r.AmbientOcclusionMaxQuality:100]]
[2019.07.03-09.19.12:523][  0]LogConfig: Setting CVar [[r.AmbientOcclusionLevels:-1]]
[2019.07.03-09.19.12:523][  0]LogConfig: Setting CVar [[r.AmbientOcclusionRadiusScale:1.0]]
[2019.07.03-09.19.12:523][  0]LogConfig: Setting CVar [[r.DepthOfFieldQuality:2]]
[2019.07.03-09.19.12:523][  0]LogConfig: Setting CVar [[r.RenderTargetPoolMin:400]]
[2019.07.03-09.19.12:523][  0]LogConfig: Setting CVar [[r.LensFlareQuality:2]]
[2019.07.03-09.19.12:523][  0]LogConfig: Setting CVar [[r.SceneColorFringeQuality:1]]
[2019.07.03-09.19.12:523][  0]LogConfig: Setting CVar [[r.EyeAdaptationQuality:2]]
[2019.07.03-09.19.12:523][  0]LogConfig: Setting CVar [[r.BloomQuality:5]]
[2019.07.03-09.19.12:523][  0]LogConfig: Setting CVar [[r.FastBlurThreshold:100]]
[2019.07.03-09.19.12:523][  0]LogConfig: Setting CVar [[r.Upscale.Quality:3]]
[2019.07.03-09.19.12:523][  0]LogConfig: Setting CVar [[r.Tonemapper.GrainQuantization:1]]
[2019.07.03-09.19.12:523][  0]LogConfig: Setting CVar [[r.LightShaftQuality:1]]
[2019.07.03-09.19.12:523][  0]LogConfig: Setting CVar [[r.Filter.SizeScale:1]]
[2019.07.03-09.19.12:523][  0]LogConfig: Setting CVar [[r.Tonemapper.Quality:5]]
[2019.07.03-09.19.12:523][  0]LogConfig: Setting CVar [[r.DOF.Gather.AccumulatorQuality:1        ; higher gathering accumulator quality]]
[2019.07.03-09.19.12:524][  0]LogConfig: Setting CVar [[r.DOF.Gather.PostfilterMethod:1          ; Median3x3 postfilering method]]
[2019.07.03-09.19.12:524][  0]LogConfig: Setting CVar [[r.DOF.Gather.EnableBokehSettings:0       ; no bokeh simulation when gathering]]
[2019.07.03-09.19.12:524][  0]LogConfig: Setting CVar [[r.DOF.Gather.RingCount:4                 ; medium number of samples when gathering]]
[2019.07.03-09.19.12:524][  0]LogConfig: Setting CVar [[r.DOF.Scatter.ForegroundCompositing:1    ; additive foreground scattering]]
[2019.07.03-09.19.12:524][  0]LogConfig: Setting CVar [[r.DOF.Scatter.BackgroundCompositing:2    ; additive background scattering]]
[2019.07.03-09.19.12:524][  0]LogConfig: Setting CVar [[r.DOF.Scatter.EnableBokehSettings:1      ; bokeh simulation when scattering]]
[2019.07.03-09.19.12:524][  0]LogConfig: Setting CVar [[r.DOF.Scatter.MaxSpriteRatio:0.1         ; only a maximum of 10% of scattered bokeh]]
[2019.07.03-09.19.12:524][  0]LogConfig: Setting CVar [[r.DOF.Recombine.Quality:1                ; cheap slight out of focus]]
[2019.07.03-09.19.12:524][  0]LogConfig: Setting CVar [[r.DOF.Recombine.EnableBokehSettings:0    ; no bokeh simulation on slight out of focus]]
[2019.07.03-09.19.12:524][  0]LogConfig: Setting CVar [[r.DOF.TemporalAAQuality:1                ; more stable temporal accumulation]]
[2019.07.03-09.19.12:524][  0]LogConfig: Setting CVar [[r.DOF.Kernel.MaxForegroundRadius:0.025]]
[2019.07.03-09.19.12:524][  0]LogConfig: Setting CVar [[r.DOF.Kernel.MaxBackgroundRadius:0.025]]
[2019.07.03-09.19.12:524][  0]LogConfig: Applying CVar settings from Section [TextureQuality@3] File [C:/Users/Radio Rentals/Documents/GitHub/gameproduction/PlanetOfPeacecraft1/Saved/Config/Windows/Scalability.ini]
[2019.07.03-09.19.12:524][  0]LogConfig: Setting CVar [[r.Streaming.MipBias:0]]
[2019.07.03-09.19.12:524][  0]LogConfig: Setting CVar [[r.Streaming.AmortizeCPUToGPUCopy:0]]
[2019.07.03-09.19.12:524][  0]LogConfig: Setting CVar [[r.Streaming.MaxNumTexturesToStreamPerFrame:0]]
[2019.07.03-09.19.12:524][  0]LogConfig: Setting CVar [[r.Streaming.Boost:1]]
[2019.07.03-09.19.12:524][  0]LogConfig: Setting CVar [[r.MaxAnisotropy:8]]
[2019.07.03-09.19.12:524][  0]LogConfig: Setting CVar [[r.Streaming.LimitPoolSizeToVRAM:0]]
[2019.07.03-09.19.12:524][  0]LogConfig: Setting CVar [[r.Streaming.PoolSize:1000]]
[2019.07.03-09.19.12:524][  0]LogConfig: Setting CVar [[r.Streaming.MaxEffectiveScreenSize:0]]
[2019.07.03-09.19.12:524][  0]LogConfig: Applying CVar settings from Section [EffectsQuality@3] File [C:/Users/Radio Rentals/Documents/GitHub/gameproduction/PlanetOfPeacecraft1/Saved/Config/Windows/Scalability.ini]
[2019.07.03-09.19.12:524][  0]LogConfig: Setting CVar [[r.TranslucencyLightingVolumeDim:64]]
[2019.07.03-09.19.12:524][  0]LogConfig: Setting CVar [[r.RefractionQuality:2]]
[2019.07.03-09.19.12:524][  0]LogConfig: Setting CVar [[r.SSR.Quality:3]]
[2019.07.03-09.19.12:524][  0]LogConfig: Setting CVar [[r.SceneColorFormat:4]]
[2019.07.03-09.19.12:524][  0]LogConfig: Setting CVar [[r.DetailMode:2]]
[2019.07.03-09.19.12:524][  0]LogConfig: Setting CVar [[r.TranslucencyVolumeBlur:1]]
[2019.07.03-09.19.12:524][  0]LogConfig: Setting CVar [[r.MaterialQualityLevel:1 ; High quality]]
[2019.07.03-09.19.12:524][  0]LogConfig: Setting CVar [[r.SSS.Scale:1]]
[2019.07.03-09.19.12:524][  0]LogConfig: Setting CVar [[r.SSS.SampleSet:2]]
[2019.07.03-09.19.12:524][  0]LogConfig: Setting CVar [[r.SSS.Quality:1]]
[2019.07.03-09.19.12:524][  0]LogConfig: Setting CVar [[r.SSS.HalfRes:1]]
[2019.07.03-09.19.12:524][  0]LogConfig: Setting CVar [[r.EmitterSpawnRateScale:1.0]]
[2019.07.03-09.19.12:524][  0]LogConfig: Setting CVar [[r.ParticleLightQuality:2]]
[2019.07.03-09.19.12:524][  0]LogConfig: Applying CVar settings from Section [FoliageQuality@3] File [C:/Users/Radio Rentals/Documents/GitHub/gameproduction/PlanetOfPeacecraft1/Saved/Config/Windows/Scalability.ini]
[2019.07.03-09.19.12:524][  0]LogConfig: Setting CVar [[foliage.DensityScale:1.0]]
[2019.07.03-09.19.12:524][  0]LogConfig: Setting CVar [[grass.DensityScale:1.0]]
[2019.07.03-09.19.12:524][  0]LogConfig: Applying CVar settings from Section [Startup] File [../../../Engine/Config/ConsoleVariables.ini]
[2019.07.03-09.19.12:525][  0]LogConfig: Setting CVar [[net.UseAdaptiveNetUpdateFrequency:0]]
[2019.07.03-09.19.12:525][  0]LogConfig: Setting CVar [[p.chaos.AllowCreatePhysxBodies:1]]
[2019.07.03-09.19.12:525][  0]LogConfig: Applying CVar settings from Section [ConsoleVariables] File [C:/Users/Radio Rentals/Documents/GitHub/gameproduction/PlanetOfPeacecraft1/Saved/Config/Windows/Engine.ini]
[2019.07.03-09.19.12:525][  0]LogInit: Computer: DESKTOP-SNPC36S
[2019.07.03-09.19.12:525][  0]LogInit: User: RadioRentals
[2019.07.03-09.19.12:525][  0]LogInit: CPU Page size=4096, Cores=4
[2019.07.03-09.19.12:525][  0]LogInit: High frequency timer resolution =1.851192 MHz
[2019.07.03-09.19.12:526][  0]LogMemory: Memory total: Physical=7.9GB (8GB approx)
[2019.07.03-09.19.12:526][  0]LogMemory: Platform Memory Stats for Windows
[2019.07.03-09.19.12:526][  0]LogMemory: Process Physical Memory: 97.27 MB used, 97.27 MB peak
[2019.07.03-09.19.12:526][  0]LogMemory: Process Virtual Memory: 91.96 MB used, 91.96 MB peak
[2019.07.03-09.19.12:526][  0]LogMemory: Physical Memory: 3311.18 MB used,  4768.55 MB free, 8079.73 MB total
[2019.07.03-09.19.12:526][  0]LogMemory: Virtual Memory: 4649.87 MB used,  134213080.00 MB free, 134217728.00 MB total
[2019.07.03-09.19.12:637][  0]LogInit: Using OS detected language (en-US).
[2019.07.03-09.19.12:637][  0]LogInit: Using OS detected locale (en-AU).
[2019.07.03-09.19.12:640][  0]LogTextLocalizationManager: No specific localization for 'en-US' exists, so the 'en' localization will be used.
[2019.07.03-09.19.12:955][  0]LogInit: Setting process to per monitor DPI aware
[2019.07.03-09.19.13:072][  0]LogSlate: New Slate User Created.  User Index 0, Is Virtual User: 0
[2019.07.03-09.19.13:073][  0]LogSlate: Slate User Registered.  User Index 0, Is Virtual User: 0
[2019.07.03-09.19.13:611][  0]LogHMD: Failed to initialize OpenVR with code 110
[2019.07.03-09.19.13:611][  0]LogD3D11RHI: D3D11 adapters:
[2019.07.03-09.19.13:631][  0]LogD3D11RHI:    0. 'Intel(R) HD Graphics 4600' (Feature Level 11_0)
[2019.07.03-09.19.13:631][  0]LogD3D11RHI:       112/0/2048 MB DedicatedVideo/DedicatedSystem/SharedSystem, Outputs:1, VendorId:0x8086
[2019.07.03-09.19.13:638][  0]LogD3D11RHI:    1. 'Microsoft Basic Render Driver' (Feature Level 11_0)
[2019.07.03-09.19.13:638][  0]LogD3D11RHI:       0/0/4039 MB DedicatedVideo/DedicatedSystem/SharedSystem, Outputs:0, VendorId:0x1414
[2019.07.03-09.19.13:638][  0]LogD3D11RHI: Chosen D3D11 Adapter: 0
[2019.07.03-09.19.13:666][  0]LogD3D11RHI: Creating new Direct3DDevice
[2019.07.03-09.19.13:666][  0]LogD3D11RHI:     GPU DeviceId: 0x412 (for the marketing name, search the web for "GPU Device Id")
[2019.07.03-09.19.13:666][  0]LogWindows: EnumDisplayDevices:
[2019.07.03-09.19.13:668][  0]LogWindows:    0. 'Intel(R) HD Graphics 4600' (P:1 D:1)
[2019.07.03-09.19.13:677][  0]LogWindows:    1. 'Intel(R) HD Graphics 4600' (P:0 D:0)
[2019.07.03-09.19.13:684][  0]LogWindows: DebugString: FoundDriverCount:2 
[2019.07.03-09.19.13:684][  0]LogD3D11RHI:     Adapter Name: Intel(R) HD Graphics 4600
[2019.07.03-09.19.13:684][  0]LogD3D11RHI:   Driver Version: 20.19.15.4703 (internal:20.19.15.4703, unified:20.19.15.4703)
[2019.07.03-09.19.13:684][  0]LogD3D11RHI:      Driver Date: 6-9-2017
[2019.07.03-09.19.13:684][  0]LogRHI: Texture pool is 795 MB (70% of 1136 MB)
[2019.07.03-09.19.13:699][  0]LogD3D11RHI: Async texture creation enabled
[2019.07.03-09.19.13:704][  0]LogRendererCore: FGlobalReadBuffer::InitRHI
[2019.07.03-09.19.13:705][  0]LogRendererCore: FGlobalReadBuffer::InitRHI
[2019.07.03-09.19.13:705][  0]LogRendererCore: FGlobalReadBuffer::InitRHI
[2019.07.03-09.19.13:709][  0]LogD3D11RHI: GPU Timing Frequency: 12.500000 (Debug: 2 0)
[2019.07.03-09.19.15:277][  0]LogTemp: Display: Module 'AllDesktopTargetPlatform' loaded TargetPlatform 'AllDesktop'
[2019.07.03-09.19.15:310][  0]LogTemp: Display: Module 'MacClientTargetPlatform' loaded TargetPlatform 'MacClient'
[2019.07.03-09.19.15:344][  0]LogTemp: Display: Module 'MacNoEditorTargetPlatform' loaded TargetPlatform 'MacNoEditor'
[2019.07.03-09.19.15:377][  0]LogTemp: Display: Module 'MacServerTargetPlatform' loaded TargetPlatform 'MacServer'
[2019.07.03-09.19.15:409][  0]LogTemp: Display: Module 'MacTargetPlatform' loaded TargetPlatform 'Mac'
[2019.07.03-09.19.15:441][  0]LogTemp: Display: Module 'WindowsClientTargetPlatform' loaded TargetPlatform 'WindowsClient'
[2019.07.03-09.19.15:474][  0]LogTemp: Display: Module 'WindowsNoEditorTargetPlatform' loaded TargetPlatform 'WindowsNoEditor'
[2019.07.03-09.19.15:507][  0]LogTemp: Display: Module 'WindowsServerTargetPlatform' loaded TargetPlatform 'WindowsServer'
[2019.07.03-09.19.15:525][  0]LogTemp: Display: Module 'WindowsTargetPlatform' loaded TargetPlatform 'Windows'
[2019.07.03-09.19.15:721][  0]LogTemp: Display: Module 'AndroidTargetPlatform' loaded TargetPlatform 'Android'
[2019.07.03-09.19.15:721][  0]LogTemp: Display: Module 'AndroidTargetPlatform' loaded TargetPlatform 'Android_ASTC'
[2019.07.03-09.19.15:721][  0]LogTemp: Display: Module 'AndroidTargetPlatform' loaded TargetPlatform 'Android_ATC'
[2019.07.03-09.19.15:721][  0]LogTemp: Display: Module 'AndroidTargetPlatform' loaded TargetPlatform 'Android_DXT'
[2019.07.03-09.19.15:721][  0]LogTemp: Display: Module 'AndroidTargetPlatform' loaded TargetPlatform 'Android_ETC1'
[2019.07.03-09.19.15:722][  0]LogTemp: Display: Module 'AndroidTargetPlatform' loaded TargetPlatform 'Android_ETC1a'
[2019.07.03-09.19.15:722][  0]LogTemp: Display: Module 'AndroidTargetPlatform' loaded TargetPlatform 'Android_ETC2'
[2019.07.03-09.19.15:722][  0]LogTemp: Display: Module 'AndroidTargetPlatform' loaded TargetPlatform 'Android_PVRTC'
[2019.07.03-09.19.15:722][  0]LogTemp: Display: Module 'AndroidTargetPlatform' loaded TargetPlatform 'AndroidClient'
[2019.07.03-09.19.15:722][  0]LogTemp: Display: Module 'AndroidTargetPlatform' loaded TargetPlatform 'Android_ASTCClient'
[2019.07.03-09.19.15:722][  0]LogTemp: Display: Module 'AndroidTargetPlatform' loaded TargetPlatform 'Android_ATCClient'
[2019.07.03-09.19.15:722][  0]LogTemp: Display: Module 'AndroidTargetPlatform' loaded TargetPlatform 'Android_DXTClient'
[2019.07.03-09.19.15:722][  0]LogTemp: Display: Module 'AndroidTargetPlatform' loaded TargetPlatform 'Android_ETC1Client'
[2019.07.03-09.19.15:722][  0]LogTemp: Display: Module 'AndroidTargetPlatform' loaded TargetPlatform 'Android_ETC1aClient'
[2019.07.03-09.19.15:722][  0]LogTemp: Display: Module 'AndroidTargetPlatform' loaded TargetPlatform 'Android_ETC2Client'
[2019.07.03-09.19.15:722][  0]LogTemp: Display: Module 'AndroidTargetPlatform' loaded TargetPlatform 'Android_PVRTCClient'
[2019.07.03-09.19.15:722][  0]LogTemp: Display: Module 'AndroidTargetPlatform' loaded TargetPlatform 'Android_Multi'
[2019.07.03-09.19.15:722][  0]LogTemp: Display: Module 'AndroidTargetPlatform' loaded TargetPlatform 'Android_MultiClient'
[2019.07.03-09.19.15:732][  0]LogTemp: Display: Module 'HTML5TargetPlatform' loaded TargetPlatform 'HTML5'
[2019.07.03-09.19.15:833][  0]LogTemp: Display: Module 'IOSTargetPlatform' loaded TargetPlatform 'IOSClient'
[2019.07.03-09.19.15:833][  0]LogTemp: Display: Module 'IOSTargetPlatform' loaded TargetPlatform 'IOS'
[2019.07.03-09.19.15:898][  0]LogTemp: Display: Module 'TVOSTargetPlatform' loaded TargetPlatform 'TVOSClient'
[2019.07.03-09.19.15:898][  0]LogTemp: Display: Module 'TVOSTargetPlatform' loaded TargetPlatform 'TVOS'
[2019.07.03-09.19.15:929][  0]LogTemp: Display: Module 'LinuxClientTargetPlatform' loaded TargetPlatform 'LinuxClient'
[2019.07.03-09.19.15:959][  0]LogTemp: Display: Module 'LinuxNoEditorTargetPlatform' loaded TargetPlatform 'LinuxNoEditor'
[2019.07.03-09.19.15:990][  0]LogTemp: Display: Module 'LinuxServerTargetPlatform' loaded TargetPlatform 'LinuxServer'
[2019.07.03-09.19.16:024][  0]LogTemp: Display: Module 'LinuxTargetPlatform' loaded TargetPlatform 'Linux'
[2019.07.03-09.19.16:127][  0]LogTemp: Display: Module 'LuminTargetPlatform' loaded TargetPlatform 'Lumin'
[2019.07.03-09.19.16:127][  0]LogTemp: Display: Module 'LuminTargetPlatform' loaded TargetPlatform 'LuminClient'
[2019.07.03-09.19.16:127][  0]LogTargetPlatformManager: Display: Building Assets For Windows
[2019.07.03-09.19.16:157][  0]LogAudioDebug: Display: Lib vorbis DLL was dynamically loaded.
[2019.07.03-09.19.16:353][  0]LogShaderCompilers: Guid format shader working directory is -37 characters bigger than the processId version (../../../../../../Users/Radio Rentals/Documents/GitHub/gameproduction/PlanetOfPeacecraft1/Intermediate/Shaders/WorkingDirectory/139112/).
[2019.07.03-09.19.16:354][  0]LogShaderCompilers: Cleaned the shader compiler working directory 'C:/Users/Radio Rentals/AppData/Local/Temp/UnrealShaderWorkingDir/8D523C464CE89EC892C3099F07E5145A/'.
[2019.07.03-09.19.16:363][  0]LogXGEController: Cannot use XGE Controller as Incredibuild is not installed on this machine.
[2019.07.03-09.19.16:364][  0]LogShaderCompilers: Cannot use XGE Shader Compiler as Incredibuild is not installed on this machine.
[2019.07.03-09.19.16:364][  0]LogShaderCompilers: Display: Using Local Shader Compiler.
[2019.07.03-09.19.17:340][  0]LogDerivedDataCache: Display: Max Cache Size: 512 MB
[2019.07.03-09.19.17:469][  0]LogDerivedDataCache: Loaded boot cache 0.13s 71MB C:/Users/Radio Rentals/AppData/Local/UnrealEngine/4.22/DerivedDataCache/Boot.ddc.
[2019.07.03-09.19.17:469][  0]LogDerivedDataCache: Display: Loaded Boot cache: C:/Users/Radio Rentals/AppData/Local/UnrealEngine/4.22/DerivedDataCache/Boot.ddc
[2019.07.03-09.19.17:469][  0]LogDerivedDataCache: FDerivedDataBackendGraph:  Pak pak cache file ../../../../../../Users/Radio Rentals/Documents/GitHub/gameproduction/PlanetOfPeacecraft1/DerivedDataCache/DDC.ddp not found, will not use a pak cache.
[2019.07.03-09.19.17:469][  0]LogDerivedDataCache: Unable to find inner node Pak for hierarchical cache Hierarchy.
[2019.07.03-09.19.17:470][  0]LogDerivedDataCache: FDerivedDataBackendGraph:  CompressedPak pak cache file ../../../../../../Users/Radio Rentals/Documents/GitHub/gameproduction/PlanetOfPeacecraft1/DerivedDataCache/Compressed.ddp not found, will not use a pak cache.
[2019.07.03-09.19.17:470][  0]LogDerivedDataCache: Unable to find inner node CompressedPak for hierarchical cache Hierarchy.
[2019.07.03-09.19.17:491][  0]LogDerivedDataCache: Display: Pak cache opened for reading ../../../Engine/DerivedDataCache/Compressed.ddp.
[2019.07.03-09.19.17:491][  0]LogDerivedDataCache: FDerivedDataBackendGraph:  EnterprisePak pak cache file ../../../Enterprise/DerivedDataCache/Compressed.ddp not found, will not use a pak cache.
[2019.07.03-09.19.17:491][  0]LogDerivedDataCache: Unable to find inner node EnterprisePak for hierarchical cache Hierarchy.
[2019.07.03-09.19.17:505][  0]LogDerivedDataCache: Using Local data cache path C:/Users/Radio Rentals/AppData/Local/UnrealEngine/Common/DerivedDataCache: Writable
[2019.07.03-09.19.17:505][  0]LogDerivedDataCache: Shared data cache path not found in *engine.ini, will not use an Shared cache.
[2019.07.03-09.19.17:505][  0]LogDerivedDataCache: Unable to find inner node Shared for hierarchical cache Hierarchy.
[2019.07.03-09.19.17:540][  0]LogMaterial: Verifying Global Shaders for PCD3D_SM5
[2019.07.03-09.19.17:542][  0]LogSlate: Using FreeType 2.6.0
[2019.07.03-09.19.17:543][  0]LogSlate: SlateFontServices - WITH_FREETYPE: 1, WITH_HARFBUZZ: 1
[2019.07.03-09.19.17:710][  0]LogAssetRegistry: FAssetRegistry took 0.0465 seconds to start up
[2019.07.03-09.19.18:526][  0]LogInit: Selected Device Profile: [Windows]
[2019.07.03-09.19.18:826][  0]LogMeshReduction: Using QuadricMeshReduction for automatic static mesh reduction
[2019.07.03-09.19.18:826][  0]LogMeshReduction: Using SimplygonMeshReduction for automatic skeletal mesh reduction
[2019.07.03-09.19.18:826][  0]LogMeshReduction: Using ProxyLODMeshReduction for automatic mesh merging
[2019.07.03-09.19.18:826][  0]LogMeshReduction: No distributed automatic mesh merging module available
[2019.07.03-09.19.18:826][  0]LogMeshMerging: No distributed automatic mesh merging module available
[2019.07.03-09.19.18:848][  0]LogNetVersion: PlanetOfPeacecraft1 1.0.0, NetCL: 5660361, EngineNetVer: 10, GameNetVer: 0 (Checksum: 299048392)
[2019.07.03-09.19.19:994][  0]LogPackageLocalizationCache: Processed 10 localized package path(s) for 1 prioritized culture(s) in 0.374663 seconds
[2019.07.03-09.19.20:004][  0]LogUObjectArray: 42205 objects as part of root set at end of initial load.
[2019.07.03-09.19.20:004][  0]LogUObjectAllocator: 7325032 out of 0 bytes used by permanent object pool.
[2019.07.03-09.19.20:004][  0]LogUObjectArray: CloseDisregardForGC: 0/0 objects in disregard for GC pool
[2019.07.03-09.19.21:935][  0]LogTcpMessaging: Initializing TcpMessaging bridge
[2019.07.03-09.19.21:952][  0]LogUdpMessaging: Initializing bridge on interface 0.0.0.0:0 to multicast group 230.0.0.1:6666.
[2019.07.03-09.19.22:137][  0]SourceControl: Source control is disabled
[2019.07.03-09.19.22:139][  0]LogWindows: Warning: CreateProc failed: The system cannot find the file specified. (0x00000002)
[2019.07.03-09.19.22:139][  0]LogWindows: Warning: URL: C:/Program Files/Git/bin/git.exe version
[2019.07.03-09.19.22:141][  0]LogWindows: Warning: CreateProc failed: The system cannot find the file specified. (0x00000002)
[2019.07.03-09.19.22:141][  0]LogWindows: Warning: URL: C:/Program Files (x86)/Git/bin/git.exe version
[2019.07.03-09.19.22:143][  0]LogWindows: Warning: CreateProc failed: The system cannot find the file specified. (0x00000002)
[2019.07.03-09.19.22:143][  0]LogWindows: Warning: URL: C:\Users\Radio Rentals\AppData\Local/Programs/Git/cmd/git.exe version
[2019.07.03-09.19.22:144][  0]LogWindows: Warning: CreateProc failed: The system cannot find the file specified. (0x00000002)
[2019.07.03-09.19.22:144][  0]LogWindows: Warning: URL: C:/Program Files (x86)/SmartGit/git/bin/git.exe version
[2019.07.03-09.19.22:146][  0]LogWindows: Warning: CreateProc failed: The system cannot find the file specified. (0x00000002)
[2019.07.03-09.19.22:146][  0]LogWindows: Warning: URL: C:/Program Files (x86)/SmartGit/bin/git.exe version
[2019.07.03-09.19.22:147][  0]LogWindows: Warning: CreateProc failed: The system cannot find the file specified. (0x00000002)
[2019.07.03-09.19.22:147][  0]LogWindows: Warning: URL: C:\Users\Radio Rentals\AppData\Local/Atlassian/SourceTree/git_local/bin/git.exe version
[2019.07.03-09.19.22:149][  0]LogWindows: Warning: CreateProc failed: The system cannot find the file specified. (0x00000002)
[2019.07.03-09.19.22:149][  0]LogWindows: Warning: URL: C:/Program Files (x86)/fournova/Tower/vendor/Git/bin/git.exe version
[2019.07.03-09.19.22:155][  0]LogWindows: Warning: CreateProc failed: The system cannot find the file specified. (0x00000002)
[2019.07.03-09.19.22:156][  0]LogWindows: Warning: URL: C:/Program Files/Git/bin/git.exe version
[2019.07.03-09.19.22:157][  0]LogWindows: Warning: CreateProc failed: The system cannot find the file specified. (0x00000002)
[2019.07.03-09.19.22:157][  0]LogWindows: Warning: URL: C:/Program Files (x86)/Git/bin/git.exe version
[2019.07.03-09.19.22:158][  0]LogWindows: Warning: CreateProc failed: The system cannot find the file specified. (0x00000002)
[2019.07.03-09.19.22:158][  0]LogWindows: Warning: URL: C:\Users\Radio Rentals\AppData\Local/Programs/Git/cmd/git.exe version
[2019.07.03-09.19.22:160][  0]LogWindows: Warning: CreateProc failed: The system cannot find the file specified. (0x00000002)
[2019.07.03-09.19.22:160][  0]LogWindows: Warning: URL: C:/Program Files (x86)/SmartGit/git/bin/git.exe version
[2019.07.03-09.19.22:161][  0]LogWindows: Warning: CreateProc failed: The system cannot find the file specified. (0x00000002)
[2019.07.03-09.19.22:161][  0]LogWindows: Warning: URL: C:/Program Files (x86)/SmartGit/bin/git.exe version
[2019.07.03-09.19.22:162][  0]LogWindows: Warning: CreateProc failed: The system cannot find the file specified. (0x00000002)
[2019.07.03-09.19.22:162][  0]LogWindows: Warning: URL: C:\Users\Radio Rentals\AppData\Local/Atlassian/SourceTree/git_local/bin/git.exe version
[2019.07.03-09.19.22:164][  0]LogWindows: Warning: CreateProc failed: The system cannot find the file specified. (0x00000002)
[2019.07.03-09.19.22:164][  0]LogWindows: Warning: URL: C:/Program Files (x86)/fournova/Tower/vendor/Git/bin/git.exe version
[2019.07.03-09.19.22:169][  0]LogWindows: Warning: CreateProc failed: The system cannot find the file specified. (0x00000002)
[2019.07.03-09.19.22:169][  0]LogWindows: Warning: URL: C:/Program Files/Git/bin/git.exe version
[2019.07.03-09.19.22:170][  0]LogWindows: Warning: CreateProc failed: The system cannot find the file specified. (0x00000002)
[2019.07.03-09.19.22:171][  0]LogWindows: Warning: URL: C:/Program Files (x86)/Git/bin/git.exe version
[2019.07.03-09.19.22:172][  0]LogWindows: Warning: CreateProc failed: The system cannot find the file specified. (0x00000002)
[2019.07.03-09.19.22:172][  0]LogWindows: Warning: URL: C:\Users\Radio Rentals\AppData\Local/Programs/Git/cmd/git.exe version
[2019.07.03-09.19.22:174][  0]LogWindows: Warning: CreateProc failed: The system cannot find the file specified. (0x00000002)
[2019.07.03-09.19.22:174][  0]LogWindows: Warning: URL: C:/Program Files (x86)/SmartGit/git/bin/git.exe version
[2019.07.03-09.19.22:175][  0]LogWindows: Warning: CreateProc failed: The system cannot find the file specified. (0x00000002)
[2019.07.03-09.19.22:175][  0]LogWindows: Warning: URL: C:/Program Files (x86)/SmartGit/bin/git.exe version
[2019.07.03-09.19.22:177][  0]LogWindows: Warning: CreateProc failed: The system cannot find the file specified. (0x00000002)
[2019.07.03-09.19.22:177][  0]LogWindows: Warning: URL: C:\Users\Radio Rentals\AppData\Local/Atlassian/SourceTree/git_local/bin/git.exe version
[2019.07.03-09.19.22:179][  0]LogWindows: Warning: CreateProc failed: The system cannot find the file specified. (0x00000002)
[2019.07.03-09.19.22:179][  0]LogWindows: Warning: URL: C:/Program Files (x86)/fournova/Tower/vendor/Git/bin/git.exe version
[2019.07.03-09.19.22:476][  0]LogAndroidPermission: UAndroidPermissionCallbackProxy::GetInstance
[2019.07.03-09.19.22:911][  0]LogOcInput: OculusInput pre-init called
[2019.07.03-09.19.24:442][  0]LogEngine: Initializing Engine...
[2019.07.03-09.19.24:445][  0]LogHMD: Failed to initialize OpenVR with code 110
[2019.07.03-09.19.24:447][  0]LogStats: UGameplayTagsManager::InitializeManager -  0.001 s
[2019.07.03-09.19.24:848][  0]LogInit: Initializing FReadOnlyCVARCache
[2019.07.03-09.19.24:889][  0]LogAIModule: Creating AISystem for world Untitled
[2019.07.03-09.19.25:005][  0]LogInit: XAudio2 using 'Speakers (Realtek High Definition Audio)' : 2 channels at 48 kHz using 32 bits per sample (channel mask 0x3)
[2019.07.03-09.19.25:229][  0]LogInit: FAudioDevice initialized.
[2019.07.03-09.19.25:229][  0]LogNetVersion: Set ProjectVersion to 1.0.0.0. Version Checksum will be recalculated on next use.
[2019.07.03-09.19.25:541][  0]LogDerivedDataCache: Saved boot cache 0.31s 71MB C:/Users/Radio Rentals/AppData/Local/UnrealEngine/4.22/DerivedDataCache/Boot.ddc.
[2019.07.03-09.19.25:557][  0]LogInit: Texture streaming: Enabled
[2019.07.03-09.19.25:629][  0]LogEngineSessionManager: EngineSessionManager initialized
[2019.07.03-09.19.25:698][  0]LogInit: Transaction tracking system initialized
[2019.07.03-09.19.25:773][  0]BlueprintLog: New page: Editor Load
[2019.07.03-09.19.26:030][  0]LocalizationService: Localization service is disabled
[2019.07.03-09.19.27:421][  0]LogCook: Display: Max memory allowance for cook 16384mb min free memory 0mb
[2019.07.03-09.19.27:421][  0]LogCook: Display: Mobile HDR setting 1
[2019.07.03-09.19.27:869][  0]LogFileCache: Scanning file cache for directory 'C:/Users/Radio Rentals/Documents/GitHub/gameproduction/PlanetOfPeacecraft1/Content/' took 0.09s
[2019.07.03-09.19.27:869][  0]LogWindows: Warning: CreateProc failed: The system cannot find the file specified. (0x00000002)
[2019.07.03-09.19.27:869][  0]LogWindows: Warning: URL: C:/Program Files/Git/bin/git.exe version
[2019.07.03-09.19.27:871][  0]LogWindows: Warning: CreateProc failed: The system cannot find the file specified. (0x00000002)
[2019.07.03-09.19.27:871][  0]LogWindows: Warning: URL: C:/Program Files (x86)/Git/bin/git.exe version
[2019.07.03-09.19.27:872][  0]LogWindows: Warning: CreateProc failed: The system cannot find the file specified. (0x00000002)
[2019.07.03-09.19.27:872][  0]LogWindows: Warning: URL: C:\Users\Radio Rentals\AppData\Local/Programs/Git/cmd/git.exe version
[2019.07.03-09.19.27:874][  0]LogWindows: Warning: CreateProc failed: The system cannot find the file specified. (0x00000002)
[2019.07.03-09.19.27:874][  0]LogWindows: Warning: URL: C:/Program Files (x86)/SmartGit/git/bin/git.exe version
[2019.07.03-09.19.27:875][  0]LogWindows: Warning: CreateProc failed: The system cannot find the file specified. (0x00000002)
[2019.07.03-09.19.27:875][  0]LogWindows: Warning: URL: C:/Program Files (x86)/SmartGit/bin/git.exe version
[2019.07.03-09.19.27:877][  0]LogWindows: Warning: CreateProc failed: The system cannot find the file specified. (0x00000002)
[2019.07.03-09.19.27:877][  0]LogWindows: Warning: URL: C:\Users\Radio Rentals\AppData\Local/Atlassian/SourceTree/git_local/bin/git.exe version
[2019.07.03-09.19.27:879][  0]LogWindows: Warning: CreateProc failed: The system cannot find the file specified. (0x00000002)
[2019.07.03-09.19.27:879][  0]LogWindows: Warning: URL: C:/Program Files (x86)/fournova/Tower/vendor/Git/bin/git.exe version
[2019.07.03-09.19.27:879][  0]Cmd: MAP LOAD FILE="../../../../../../Users/Radio Rentals/Documents/GitHub/gameproduction/PlanetOfPeacecraft1/Content/_MyContent/Maps/Menu.umap" TEMPLATE=0 SHOWPROGRESS=1 FEATURELEVEL=3
[2019.07.03-09.19.27:880][  0]LightingResults: New page: Lighting Build
[2019.07.03-09.19.27:887][  0]MapCheck: New page: Map Check
[2019.07.03-09.19.27:888][  0]LightingResults: New page: Lighting Build
[2019.07.03-09.19.27:928][  0]LogUObjectHash: Compacting FUObjectHashTables data took   2.74ms
[2019.07.03-09.19.28:553][  0]LogBlueprint: Error: [Compiler _GameManager] The type of  Object  is undetermined.  Connect something to  Cast To Salesman  to imply a specific type.
[2019.07.03-09.19.28:668][  0]LogBlueprint: Error: [Compiler _GameManager] The current value of the ' Object ' pin is invalid: Unsupported type Wildcard on pin Object
[2019.07.03-09.19.28:770][  0]LogBlueprint: Warning: [Compiler _GameManager] [0022.71] Compile of _GameManager failed. 2 Fatal Issue(s) 0 Warning(s) [in 287 ms] (/Game/_MyContent/Blueprints/_GameManager._GameManager)
[2019.07.03-09.19.29:022][  0]LogAIModule: Creating AISystem for world Menu
[2019.07.03-09.19.29:030][  0]LogEditorServer: Finished looking for orphan Actors (0.000 secs)
[2019.07.03-09.19.29:080][  0]LogUObjectHash: Compacting FUObjectHashTables data took   3.83ms
[2019.07.03-09.19.29:080][  0]Cmd: MAP CHECKDEP NOCLEARLOG
[2019.07.03-09.19.29:081][  0]MapCheck: Map check complete: 0 Error(s), 0 Warning(s), took 0.531ms to complete.
[2019.07.03-09.19.29:081][  0]LogFileHelpers: Loading map 'Menu' took 1.202
[2019.07.03-09.19.29:275][  0]LogSlate: Updating window title bar state: overlay mode, drag disabled, window buttons hidden, title bar hidden
[2019.07.03-09.19.29:291][  0]LogSlate: Updating window title bar state: overlay mode, drag disabled, window buttons hidden, title bar hidden
[2019.07.03-09.19.29:303][  0]LogSlate: Updating window title bar state: overlay mode, drag disabled, window buttons hidden, title bar hidden
[2019.07.03-09.19.29:317][  0]LogSlate: Updating window title bar state: overlay mode, drag disabled, window buttons hidden, title bar hidden
[2019.07.03-09.19.29:337][  0]LogCollectionManager: Loaded 0 collections in 0.006116 seconds
[2019.07.03-09.19.29:386][  0]LogFileCache: Scanning file cache for directory 'C:/Users/Radio Rentals/Documents/GitHub/gameproduction/PlanetOfPeacecraft1/Saved/Collections/' took 0.01s
[2019.07.03-09.19.29:386][  0]LogFileCache: Scanning file cache for directory 'C:/Users/Radio Rentals/Documents/GitHub/gameproduction/PlanetOfPeacecraft1/Content/Developers/RadioRentals/Collections/' took 0.01s
[2019.07.03-09.19.29:386][  0]LogFileCache: Scanning file cache for directory 'C:/Users/Radio Rentals/Documents/GitHub/gameproduction/PlanetOfPeacecraft1/Content/Collections/' took 0.01s
[2019.07.03-09.19.29:386][  0]LogCollectionManager: Rebuilt the GUID cache for 0 collections in 0.000001 seconds
[2019.07.03-09.19.29:401][  0]LogContentBrowser: Native class hierarchy populated in 0.0151 seconds. Added 2732 classes and 659 folders.
[2019.07.03-09.19.29:420][  0]LogContentBrowser: Native class hierarchy updated for 'WidgetCarousel' in 0.0006 seconds. Added 0 classes and 0 folders.
[2019.07.03-09.19.29:424][  0]LogPakFile: Registered encryption key '00000000000000000000000000000000': 0 pak files mounted, 0 remain pending
[2019.07.03-09.19.29:426][  0]LogPakFile: Registered encryption key '00000000000000000000000000000000': 0 pak files mounted, 0 remain pending
[2019.07.03-09.19.29:428][  0]LogPakFile: Registered encryption key '00000000000000000000000000000000': 0 pak files mounted, 0 remain pending
[2019.07.03-09.19.29:429][  0]LogPakFile: Registered encryption key '00000000000000000000000000000000': 0 pak files mounted, 0 remain pending
[2019.07.03-09.19.29:431][  0]LogPakFile: Registered encryption key '00000000000000000000000000000000': 0 pak files mounted, 0 remain pending
[2019.07.03-09.19.29:432][  0]LogPakFile: Registered encryption key '00000000000000000000000000000000': 0 pak files mounted, 0 remain pending
[2019.07.03-09.19.29:434][  0]LogPakFile: Registered encryption key '00000000000000000000000000000000': 0 pak files mounted, 0 remain pending
[2019.07.03-09.19.29:436][  0]LogPakFile: Registered encryption key '00000000000000000000000000000000': 0 pak files mounted, 0 remain pending
[2019.07.03-09.19.29:438][  0]LogPakFile: Registered encryption key '00000000000000000000000000000000': 0 pak files mounted, 0 remain pending
[2019.07.03-09.19.29:439][  0]LogPakFile: Registered encryption key '00000000000000000000000000000000': 0 pak files mounted, 0 remain pending
[2019.07.03-09.19.29:441][  0]LogPakFile: Registered encryption key '00000000000000000000000000000000': 0 pak files mounted, 0 remain pending
[2019.07.03-09.19.29:443][  0]LogPakFile: Registered encryption key '00000000000000000000000000000000': 0 pak files mounted, 0 remain pending
[2019.07.03-09.19.29:445][  0]LogPakFile: Registered encryption key '00000000000000000000000000000000': 0 pak files mounted, 0 remain pending
[2019.07.03-09.19.29:447][  0]LogPakFile: Registered encryption key '00000000000000000000000000000000': 0 pak files mounted, 0 remain pending
[2019.07.03-09.19.29:448][  0]LogPakFile: Registered encryption key '00000000000000000000000000000000': 0 pak files mounted, 0 remain pending
[2019.07.03-09.19.29:450][  0]LogPakFile: Registered encryption key '00000000000000000000000000000000': 0 pak files mounted, 0 remain pending
[2019.07.03-09.19.29:452][  0]LogPakFile: Registered encryption key '00000000000000000000000000000000': 0 pak files mounted, 0 remain pending
[2019.07.03-09.19.29:453][  0]LogPakFile: Registered encryption key '00000000000000000000000000000000': 0 pak files mounted, 0 remain pending
[2019.07.03-09.19.29:455][  0]LogPakFile: Registered encryption key '00000000000000000000000000000000': 0 pak files mounted, 0 remain pending
[2019.07.03-09.19.29:456][  0]LogPakFile: Registered encryption key '00000000000000000000000000000000': 0 pak files mounted, 0 remain pending
[2019.07.03-09.19.29:458][  0]LogPakFile: Registered encryption key '00000000000000000000000000000000': 0 pak files mounted, 0 remain pending
[2019.07.03-09.19.29:460][  0]LogPakFile: Registered encryption key '00000000000000000000000000000000': 0 pak files mounted, 0 remain pending
[2019.07.03-09.19.29:461][  0]LogPakFile: Registered encryption key '00000000000000000000000000000000': 0 pak files mounted, 0 remain pending
[2019.07.03-09.19.29:463][  0]LogPakFile: Registered encryption key '00000000000000000000000000000000': 0 pak files mounted, 0 remain pending
[2019.07.03-09.19.29:465][  0]LogPakFile: Registered encryption key '00000000000000000000000000000000': 0 pak files mounted, 0 remain pending
[2019.07.03-09.19.29:468][  0]LogPakFile: Registered encryption key '00000000000000000000000000000000': 0 pak files mounted, 0 remain pending
[2019.07.03-09.19.29:607][  0]LogContentBrowser: Native class hierarchy updated for 'AddContentDialog' in 0.0006 seconds. Added 0 classes and 0 folders.
[2019.07.03-09.19.29:621][  0]LogContentBrowser: Native class hierarchy updated for 'SceneOutliner' in 0.0006 seconds. Added 1 classes and 2 folders.
[2019.07.03-09.19.29:770][  0]LogSlate: Took 0.000424 seconds to synchronously load lazily loaded font '../../../Engine/Content/Slate/Fonts/Roboto-Regular.ttf' (155K)
[2019.07.03-09.19.29:773][  0]LogSlate: Took 0.000425 seconds to synchronously load lazily loaded font '../../../Engine/Content/Slate/Fonts/Roboto-Bold.ttf' (160K)
[2019.07.03-09.19.29:783][  0]LogSlate: Took 0.000457 seconds to synchronously load lazily loaded font '../../../Engine/Content/Editor/Slate/Fonts/FontAwesome.ttf' (139K)
[2019.07.03-09.19.29:941][  0]LogRenderer: Reallocating scene render targets to support 1208x572 Format 10 NumSamples 1 (Frame:1).
[2019.07.03-09.19.30:611][  0]LogContentBrowser: Native class hierarchy updated for 'HierarchicalLODOutliner' in 0.0006 seconds. Added 0 classes and 0 folders.
[2019.07.03-09.19.30:611][  0]LogLoad: (Engine Initialization) Total time: 24.55 seconds
[2019.07.03-09.19.30:611][  0]LogLoad: (Engine Initialization) Total Blueprint compile time: 0.00 seconds
[2019.07.03-09.19.30:623][  0]LogWindowsTextInputMethodSystem: Display: IME system now deactivated.
[2019.07.03-09.19.30:673][  0]LogContentStreaming: Texture pool size now 1000 MB
[2019.07.03-09.19.30:725][  0]LogSlate: Took 0.000383 seconds to synchronously load lazily loaded font '../../../Engine/Content/Slate/Fonts/Roboto-Light.ttf' (167K)
[2019.07.03-09.19.30:749][  1]LogAssetRegistry: Asset discovery search completed in 13.0615 seconds
[2019.07.03-09.19.30:753][  1]LogCollectionManager: Rebuilt the object cache for 0 collections in 0.000001 seconds (found 0 objects)
[2019.07.03-09.19.30:753][  1]LogCollectionManager: Fixed up redirectors for 0 collections in 0.000084 seconds (updated 0 objects)
[2019.07.03-09.19.31:762][ 11]LogSlate: Took 0.000533 seconds to synchronously load lazily loaded font '../../../Engine/Content/Slate/Fonts/Roboto-Light.ttf' (167K)
[2019.07.03-09.19.32:360][ 17]LogTemp: IOS device listing is disabled (to many failed attempts)!
[2019.07.03-09.19.49:914][ 70]LogSlate: FSceneViewport::OnFocusLost() reason 0
[2019.07.03-09.20.14:737][303]LogAssetEditorManager: Opening Asset editor for LevelScriptBlueprint /Game/_MyContent/Maps/Menu.Menu:PersistentLevel.Menu
[2019.07.03-09.20.15:304][303]LogContentBrowser: Native class hierarchy updated for 'BlueprintGraph' in 0.0011 seconds. Added 121 classes and 0 folders.
[2019.07.03-09.20.16:549][303]LogSlate: Took 0.000429 seconds to synchronously load lazily loaded font '../../../Engine/Content/Slate/Fonts/Roboto-BoldCondensed.ttf' (158K)
[2019.07.03-09.20.16:657][304]LogSlate: Took 0.001122 seconds to synchronously load lazily loaded font '../../../Engine/Content/Slate/Fonts/Roboto-Italic.ttf' (157K)
[2019.07.03-09.20.23:270][408]LogSlate: Window 'Menu' being destroyed
[2019.07.03-09.20.26:101][448]LogAIModule: Creating AISystem for world PlanetofPeaceCraftMap
[2019.07.03-09.20.26:170][448]LogAssetEditorManager: Opening Asset editor for World /Game/_MyContent/Maps/PLanetofPeaceCraftMap.PlanetofPeaceCraftMap
[2019.07.03-09.20.26:229][448]LogUObjectHash: Compacting FUObjectHashTables data took   7.19ms
[2019.07.03-09.20.30:466][448]LogSlate: Window 'Save Content' being destroyed
[2019.07.03-09.20.30:473][448]Cmd: MAP LOAD FILE="../../../../../../Users/Radio Rentals/Documents/GitHub/gameproduction/PlanetOfPeacecraft1/Content/_MyContent/Maps/PLanetofPeaceCraftMap.umap" TEMPLATE=0 SHOWPROGRESS=1 FEATURELEVEL=3
[2019.07.03-09.20.30:476][448]LightingResults: New page: Lighting Build
[2019.07.03-09.20.30:477][448]LoadErrors: New page: Loading map: PLanetofPeaceCraftMap.umap
[2019.07.03-09.20.30:479][448]MapCheck: New page: Map Check
[2019.07.03-09.20.30:479][448]LightingResults: New page: Lighting Build
[2019.07.03-09.20.30:532][448]LogUObjectHash: Compacting FUObjectHashTables data took   4.54ms
[2019.07.03-09.20.30:577][448]LogStreaming: Display: ULevelStreaming::RequestLevel(/Game/_MyContent/Maps/JackLevel) is flushing async loading
[2019.07.03-09.20.30:577][448]LogStreaming: Display: Flushing async loaders.
[2019.07.03-09.20.30:783][448]LogEditorServer: Finished looking for orphan Actors (0.000 secs)
[2019.07.03-09.20.30:834][448]LogUObjectHash: Compacting FUObjectHashTables data took   4.12ms
[2019.07.03-09.20.30:874][448]Cmd: MAP CHECKDEP NOCLEARLOG
[2019.07.03-09.20.30:875][448]MapCheck: Map check complete: 0 Error(s), 0 Warning(s), took 1.088ms to complete.
[2019.07.03-09.20.30:875][448]LogFileHelpers: Loading map 'PLanetofPeaceCraftMap' took 0.405
[2019.07.03-09.20.35:795][513]LogAssetEditorManager: Opening Asset editor for LevelScriptBlueprint /Game/_MyContent/Maps/PLanetofPeaceCraftMap.PlanetofPeaceCraftMap:PersistentLevel.PlanetofPeaceCraftMap
[2019.07.03-09.20.55:884][694]LogSlate: Window 'PLanetofPeaceCraftMap' being destroyed
[2019.07.03-09.20.57:780][727]LogTemp: Repeating last play command: Selected Viewport
[2019.07.03-09.20.57:814][727]LogBlueprintUserMessages: Early PlayInEditor Detection: Level '/Game/_MyContent/Maps/PLanetofPeaceCraftMap.PlanetofPeaceCraftMap:PersistentLevel' has LevelScriptBlueprint '/Game/_MyContent/Maps/PLanetofPeaceCraftMap.PlanetofPeaceCraftMap:PersistentLevel.PlanetofPeaceCraftMap' with GeneratedClass '/Game/_MyContent/Maps/PLanetofPeaceCraftMap.PlanetofPeaceCraftMap_C' with ClassGeneratedBy '/Game/_MyContent/Maps/PLanetofPeaceCraftMap.PlanetofPeaceCraftMap:PersistentLevel.PlanetofPeaceCraftMap'
[2019.07.03-09.20.57:816][727]LogBlueprintUserMessages: Early PlayInEditor Detection: Level '/Game/_MyContent/Maps/JackLevel.JackLevel:PersistentLevel' has LevelScriptBlueprint '/Game/_MyContent/Maps/JackLevel.JackLevel:PersistentLevel.JackLevel' with GeneratedClass '/Game/_MyContent/Maps/JackLevel.JackLevel_C' with ClassGeneratedBy '/Game/_MyContent/Maps/JackLevel.JackLevel:PersistentLevel.JackLevel'
[2019.07.03-09.20.57:816][727]LogPlayLevel: PlayLevel: No blueprints needed recompiling
[2019.07.03-09.21.01:608][727]LogSlate: Window 'Message' being destroyed
[2019.07.03-09.21.18:101][189]LogAssetEditorManager: Opening Asset editor for Blueprint /Game/_MyContent/Blueprints/_GameManager._GameManager
[2019.07.03-09.22.06:893][524]LogEditorTransaction: Undo Delete current selection
[2019.07.03-09.22.07:465][541]LogEditorTransaction: Undo Delete current selection
[2019.07.03-09.22.15:680][909]BlueprintLog: New page: Compile _GameManager
[2019.07.03-09.22.15:774][909]LogBlueprint: Warning: [Compiler _GameManager] 'Salesman' does not inherit from 'Box Collision' ( Cast To Salesman  would always fail).
[2019.07.03-09.22.15:776][909]LogBlueprint: Error: [Compiler _GameManager] This blueprint (self) is not a Salesman_C, therefore ' Target ' must have a connection.
[2019.07.03-09.22.15:777][909]LogBlueprint: Error: [Compiler _GameManager] Variable node  Get Box  uses an invalid target.  It may depend on a node that is not connected to the execution chain, and got purged.
[2019.07.03-09.22.16:047][909]LogUObjectHash: Compacting FUObjectHashTables data took   5.76ms
[2019.07.03-09.22.16:088][909]LogBlueprint: Warning: [Compiler _GameManager] [0190.03] Compile of _GameManager failed. 2 Fatal Issue(s) 1 Warning(s) [in 407 ms] (/Game/_MyContent/Blueprints/_GameManager._GameManager)
[2019.07.03-09.23.58:401][352]LogEditorViewport: Clicking on Actor (context menu): StaticMeshActor (Floor)
[2019.07.03-09.23.58:832][352]LogSlate: FSceneViewport::OnFocusLost() reason 2
[2019.07.03-09.23.59:870][383]LogEditorViewport: Clicking on Actor (LMB): BP_MyPlayer_C (BP_MyPlayer)
[2019.07.03-09.24.01:800][395]LogSlate: FSceneViewport::OnFocusLost() reason 0
[2019.07.03-09.26.17:867][940]LogEditorViewport: Clicking on Actor (LMB): Brush (Box Brush2)
[2019.07.03-09.26.19:801][960]LogSlate: FSceneViewport::OnFocusLost() reason 0
[2019.07.03-09.26.19:899][961]LogTemp: Repeating last play command: Selected Viewport
[2019.07.03-09.26.19:951][961]LogBlueprintUserMessages: Early PlayInEditor Detection: Level '/Game/_MyContent/Maps/PLanetofPeaceCraftMap.PlanetofPeaceCraftMap:PersistentLevel' has LevelScriptBlueprint '/Game/_MyContent/Maps/PLanetofPeaceCraftMap.PlanetofPeaceCraftMap:PersistentLevel.PlanetofPeaceCraftMap' with GeneratedClass '/Game/_MyContent/Maps/PLanetofPeaceCraftMap.PlanetofPeaceCraftMap_C' with ClassGeneratedBy '/Game/_MyContent/Maps/PLanetofPeaceCraftMap.PlanetofPeaceCraftMap:PersistentLevel.PlanetofPeaceCraftMap'
[2019.07.03-09.26.19:951][961]LogBlueprintUserMessages: Early PlayInEditor Detection: Level '/Game/_MyContent/Maps/JackLevel.JackLevel:PersistentLevel' has LevelScriptBlueprint '/Game/_MyContent/Maps/JackLevel.JackLevel:PersistentLevel.JackLevel' with GeneratedClass '/Game/_MyContent/Maps/JackLevel.JackLevel_C' with ClassGeneratedBy '/Game/_MyContent/Maps/JackLevel.JackLevel:PersistentLevel.JackLevel'
[2019.07.03-09.26.19:952][961]BlueprintLog: New page: Pre-Play auto-recompile
[2019.07.03-09.26.20:028][961]LogPlayLevel: [PlayLevel] Compiling _GameManager before play...
[2019.07.03-09.26.20:352][961]LogUObjectHash: Compacting FUObjectHashTables data took   5.76ms
[2019.07.03-09.26.20:352][961]LogPlayLevel: PlayLevel: Blueprint regeneration took 400 ms (1 blueprints)
[2019.07.03-09.26.20:353][961]PIE: New page: PIE session: PLanetofPeaceCraftMap (4 Jul 2019 5:26:20 am)
[2019.07.03-09.26.20:368][961]LogPlayLevel: Creating play world package: /Game/_MyContent/Maps/UEDPIE_0_PLanetofPeaceCraftMap
[2019.07.03-09.26.20:413][961]LogPlayLevel: PIE: StaticDuplicateObject took: (0.043833s)
[2019.07.03-09.26.20:414][961]LogAIModule: Creating AISystem for world PlanetofPeaceCraftMap
[2019.07.03-09.26.20:414][961]LogPlayLevel: PIE: World Init took: (0.001173s)
[2019.07.03-09.26.20:414][961]LogPlayLevel: PIE: Created PIE world by copying editor world from /Game/_MyContent/Maps/PLanetofPeaceCraftMap.PlanetofPeaceCraftMap to /Game/_MyContent/Maps/UEDPIE_0_PLanetofPeaceCraftMap.PlanetofPeaceCraftMap (0.046280s)
[2019.07.03-09.26.20:463][961]LogUObjectHash: Compacting FUObjectHashTables data took   2.94ms
[2019.07.03-09.26.20:582][961]LogInit: XAudio2 using 'Speakers (Realtek High Definition Audio)' : 2 channels at 48 kHz using 32 bits per sample (channel mask 0x3)
[2019.07.03-09.26.20:748][961]LogInit: FAudioDevice initialized.
[2019.07.03-09.26.20:789][961]LogLoad: Game class is 'BP_GameMode_C'
[2019.07.03-09.26.20:825][961]LogWorld: Bringing World /Game/_MyContent/Maps/UEDPIE_0_PLanetofPeaceCraftMap.PlanetofPeaceCraftMap up for play (max tick rate 0) at 2019.07.03-19.26.20
[2019.07.03-09.26.20:832][961]LogWorld: Bringing up level for play took: 0.041284
[2019.07.03-09.26.20:859][961]LogBlueprintActionDatabase: Requesting refresh due to module change: Voice (loaded)
[2019.07.03-09.26.20:870][961]LogBlueprintActionDatabase: Requesting refresh due to module change: MovieSceneCapture (loaded)
[2019.07.03-09.26.20:871][961]LogContentBrowser: Native class hierarchy updated for 'MovieSceneCapture' in 0.0007 seconds. Added 20 classes and 0 folders.
[2019.07.03-09.26.20:883][961]LogScript: Warning: Accessed None trying to read property My Player
	_GameManager_C /Game/_MyContent/Maps/UEDPIE_0_PLanetofPeaceCraftMap.PlanetofPeaceCraftMap:PersistentLevel._GameManager_2
	Function /Game/_MyContent/Blueprints/_GameManager._GameManager_C:Init:001D
[2019.07.03-09.26.20:883][961]PIE: Error: Blueprint Runtime Error: "Accessed None trying to read property My Player". Blueprint:  _GameManager Function:  Init Graph:  Init Node:  Init
[2019.07.03-09.26.20:883][961]PIE: Play in editor start time for /Game/_MyContent/Maps/UEDPIE_0_PLanetofPeaceCraftMap 1.204
[2019.07.03-09.26.20:884][961]LogBlueprintUserMessages: Late PlayInEditor Detection: Level '/Game/_MyContent/Maps/PLanetofPeaceCraftMap.PlanetofPeaceCraftMap:PersistentLevel' has LevelScriptBlueprint '/Game/_MyContent/Maps/PLanetofPeaceCraftMap.PlanetofPeaceCraftMap:PersistentLevel.PlanetofPeaceCraftMap' with GeneratedClass '/Game/_MyContent/Maps/PLanetofPeaceCraftMap.PlanetofPeaceCraftMap_C' with ClassGeneratedBy '/Game/_MyContent/Maps/PLanetofPeaceCraftMap.PlanetofPeaceCraftMap:PersistentLevel.PlanetofPeaceCraftMap'
[2019.07.03-09.26.20:884][961]LogBlueprintUserMessages: Late PlayInEditor Detection: Level '/Game/_MyContent/Maps/JackLevel.JackLevel:PersistentLevel' has LevelScriptBlueprint '/Game/_MyContent/Maps/JackLevel.JackLevel:PersistentLevel.JackLevel' with GeneratedClass '/Game/_MyContent/Maps/JackLevel.JackLevel_C' with ClassGeneratedBy '/Game/_MyContent/Maps/JackLevel.JackLevel:PersistentLevel.JackLevel'
[2019.07.03-09.26.21:462][962]LogNavigation: Warning: UNavigationSystemV1::SimpleMoveToActor called for NavSys:None Controller:None controlling Pawn:NULL with goal actor BP_MyPlayer_2 (if any of these is None then there's your problem
[2019.07.03-09.26.21:710][966]LogNavigation: Warning: UNavigationSystemV1::SimpleMoveToActor called for NavSys:None Controller:None controlling Pawn:NULL with goal actor BP_MyPlayer_2 (if any of these is None then there's your problem
[2019.07.03-09.26.22:241][974]LogNavigation: Warning: UNavigationSystemV1::SimpleMoveToActor called for NavSys:None Controller:None controlling Pawn:NULL with goal actor BP_MyPlayer_2 (if any of these is None then there's your problem
[2019.07.03-09.26.22:774][982]LogNavigation: Warning: UNavigationSystemV1::SimpleMoveToActor called for NavSys:None Controller:None controlling Pawn:NULL with goal actor BP_MyPlayer_2 (if any of these is None then there's your problem
[2019.07.03-09.26.23:317][990]LogNavigation: Warning: UNavigationSystemV1::SimpleMoveToActor called for NavSys:None Controller:None controlling Pawn:NULL with goal actor BP_MyPlayer_2 (if any of these is None then there's your problem
[2019.07.03-09.26.23:836][998]LogNavigation: Warning: UNavigationSystemV1::SimpleMoveToActor called for NavSys:None Controller:None controlling Pawn:NULL with goal actor BP_MyPlayer_2 (if any of these is None then there's your problem
[2019.07.03-09.26.24:355][  6]LogNavigation: Warning: UNavigationSystemV1::SimpleMoveToActor called for NavSys:None Controller:None controlling Pawn:NULL with goal actor BP_MyPlayer_2 (if any of these is None then there's your problem
[2019.07.03-09.26.24:889][ 14]LogNavigation: Warning: UNavigationSystemV1::SimpleMoveToActor called for NavSys:None Controller:None controlling Pawn:NULL with goal actor BP_MyPlayer_2 (if any of these is None then there's your problem
[2019.07.03-09.26.25:401][ 22]LogNavigation: Warning: UNavigationSystemV1::SimpleMoveToActor called for NavSys:None Controller:None controlling Pawn:NULL with goal actor BP_MyPlayer_2 (if any of these is None then there's your problem
[2019.07.03-09.26.25:938][ 30]LogNavigation: Warning: UNavigationSystemV1::SimpleMoveToActor called for NavSys:None Controller:None controlling Pawn:NULL with goal actor BP_MyPlayer_2 (if any of these is None then there's your problem
[2019.07.03-09.26.26:459][ 38]LogNavigation: Warning: UNavigationSystemV1::SimpleMoveToActor called for NavSys:None Controller:None controlling Pawn:NULL with goal actor BP_MyPlayer_2 (if any of these is None then there's your problem
[2019.07.03-09.26.26:988][ 46]LogNavigation: Warning: UNavigationSystemV1::SimpleMoveToActor called for NavSys:None Controller:None controlling Pawn:NULL with goal actor BP_MyPlayer_2 (if any of these is None then there's your problem
[2019.07.03-09.26.27:520][ 54]LogNavigation: Warning: UNavigationSystemV1::SimpleMoveToActor called for NavSys:None Controller:None controlling Pawn:NULL with goal actor BP_MyPlayer_2 (if any of these is None then there's your problem
[2019.07.03-09.26.28:052][ 62]LogNavigation: Warning: UNavigationSystemV1::SimpleMoveToActor called for NavSys:None Controller:None controlling Pawn:NULL with goal actor BP_MyPlayer_2 (if any of these is None then there's your problem
[2019.07.03-09.26.28:572][ 70]LogNavigation: Warning: UNavigationSystemV1::SimpleMoveToActor called for NavSys:None Controller:None controlling Pawn:NULL with goal actor BP_MyPlayer_2 (if any of these is None then there's your problem
[2019.07.03-09.26.29:104][ 78]LogNavigation: Warning: UNavigationSystemV1::SimpleMoveToActor called for NavSys:None Controller:None controlling Pawn:NULL with goal actor BP_MyPlayer_2 (if any of these is None then there's your problem
[2019.07.03-09.26.29:641][ 86]LogNavigation: Warning: UNavigationSystemV1::SimpleMoveToActor called for NavSys:None Controller:None controlling Pawn:NULL with goal actor BP_MyPlayer_2 (if any of these is None then there's your problem
[2019.07.03-09.26.30:184][ 94]LogNavigation: Warning: UNavigationSystemV1::SimpleMoveToActor called for NavSys:None Controller:None controlling Pawn:NULL with goal actor BP_MyPlayer_2 (if any of these is None then there's your problem
[2019.07.03-09.26.30:701][102]LogNavigation: Warning: UNavigationSystemV1::SimpleMoveToActor called for NavSys:None Controller:None controlling Pawn:NULL with goal actor BP_MyPlayer_2 (if any of these is None then there's your problem
[2019.07.03-09.26.31:239][110]LogNavigation: Warning: UNavigationSystemV1::SimpleMoveToActor called for NavSys:None Controller:None controlling Pawn:NULL with goal actor BP_MyPlayer_2 (if any of these is None then there's your problem
[2019.07.03-09.26.31:772][118]LogNavigation: Warning: UNavigationSystemV1::SimpleMoveToActor called for NavSys:None Controller:None controlling Pawn:NULL with goal actor BP_MyPlayer_2 (if any of these is None then there's your problem
[2019.07.03-09.26.32:305][126]LogNavigation: Warning: UNavigationSystemV1::SimpleMoveToActor called for NavSys:None Controller:None controlling Pawn:NULL with goal actor BP_MyPlayer_2 (if any of these is None then there's your problem
[2019.07.03-09.26.32:855][134]LogNavigation: Warning: UNavigationSystemV1::SimpleMoveToActor called for NavSys:None Controller:None controlling Pawn:NULL with goal actor BP_MyPlayer_2 (if any of these is None then there's your problem
[2019.07.03-09.26.33:388][142]LogNavigation: Warning: UNavigationSystemV1::SimpleMoveToActor called for NavSys:None Controller:None controlling Pawn:NULL with goal actor BP_MyPlayer_2 (if any of these is None then there's your problem
