Log file open, 06/19/19 20:28:57
LogWindows: Failed to load 'aqProf.dll' (GetLastError=126)
LogWindows: File 'aqProf.dll' does not exist
LogWindows: Failed to load 'VtuneApi.dll' (GetLastError=126)
LogWindows: File 'VtuneApi.dll' does not exist
LogWindows: Failed to load 'VtuneApi32e.dll' (GetLastError=126)
LogWindows: File 'VtuneApi32e.dll' does not exist
LogConsoleResponse: Display: Failed to find resolution value strings in scalability ini. Falling back to default.
LogInit: Display: Running engine for game: PlanetOfPeacecraft1
LogPakFile: Registered encryption key '00000000000000000000000000000000': 0 pak files mounted, 0 remain pending
LogPlatformFile: Not using cached read wrapper
LogTaskGraph: Started task graph with 5 named threads and 11 total threads with 3 sets of task threads.
LogStats: Stats thread started at 0.176464
LogD3D11RHI: Loaded GFSDK_Aftermath_Lib.x64.dll
LogICUInternationalization: ICU TimeZone Detection - Raw Offset: +9:30, Platform Override: ''
LogPluginManager: Mounting plugin Paper2D
LogPluginManager: Mounting plugin AISupport
LogPluginManager: Mounting plugin LightPropagationVolume
LogPluginManager: Mounting plugin ActorLayerUtilities
LogPluginManager: Mounting plugin AnimationSharing
LogPluginManager: Mounting plugin CLionSourceCodeAccess
LogPluginManager: Mounting plugin CodeLiteSourceCodeAccess
LogPluginManager: Mounting plugin GitSourceControl
LogPluginManager: Mounting plugin KDevelopSourceCodeAccess
LogPluginManager: Mounting plugin NullSourceCodeAccess
LogPluginManager: Mounting plugin PerforceSourceControl
LogPluginManager: Mounting plugin SubversionSourceControl
LogPluginManager: Mounting plugin UObjectPlugin
LogPluginManager: Mounting plugin VisualStudioCodeSourceCodeAccess
LogPluginManager: Mounting plugin VisualStudioSourceCodeAccess
LogPluginManager: Mounting plugin XCodeSourceCodeAccess
LogPluginManager: Mounting plugin AssetManagerEditor
LogPluginManager: Mounting plugin CryptoKeys
LogPluginManager: Mounting plugin DataValidation
LogPluginManager: Mounting plugin FacialAnimation
LogPluginManager: Mounting plugin GameplayTagsEditor
LogPluginManager: Mounting plugin MacGraphicsSwitching
LogPluginManager: Mounting plugin MaterialAnalyzer
LogPluginManager: Mounting plugin MobileLauncherProfileWizard
LogPluginManager: Mounting plugin PluginBrowser
LogPluginManager: Mounting plugin SpeedTreeImporter
LogPluginManager: Mounting plugin DatasmithContent
LogPluginManager: Mounting plugin VariantManagerContent
LogPluginManager: Mounting plugin AlembicImporter
LogPluginManager: Mounting plugin AppleImageUtils
LogPluginManager: Mounting plugin AppleVision
LogPluginManager: Mounting plugin BackChannel
LogPluginManager: Mounting plugin CharacterAI
LogPluginManager: Mounting plugin GeometryCache
LogPluginManager: Mounting plugin HTML5Networking
LogPluginManager: Mounting plugin ProxyLODPlugin
LogPluginManager: Mounting plugin SkeletalReduction
LogPluginManager: Mounting plugin MagicLeap
LogPluginManager: Mounting plugin MagicLeapMedia
LogPluginManager: Mounting plugin AndroidMedia
LogPluginManager: Mounting plugin AvfMedia
LogPluginManager: Mounting plugin ImgMedia
LogPluginManager: Mounting plugin LinearTimecode
LogPluginManager: Mounting plugin MediaCompositing
LogPluginManager: Mounting plugin MediaPlayerEditor
LogPluginManager: Mounting plugin WebMMedia
LogPluginManager: Mounting plugin WmfMedia
LogPluginManager: Mounting plugin TcpMessaging
LogPluginManager: Mounting plugin UdpMessaging
LogPluginManager: Mounting plugin ActorSequence
LogPluginManager: Mounting plugin LevelSequenceEditor
LogPluginManager: Mounting plugin MatineeToLevelSequence
LogPluginManager: Mounting plugin NetcodeUnitTest
LogPluginManager: Mounting plugin NUTUnrealEngine4
LogPluginManager: Mounting plugin OnlineSubsystemGooglePlay
LogPluginManager: Mounting plugin OnlineSubsystemIOS
LogPluginManager: Mounting plugin OnlineSubsystem
LogPluginManager: Mounting plugin OnlineSubsystemNull
LogPluginManager: Mounting plugin OnlineSubsystemUtils
LogPluginManager: Mounting plugin LauncherChunkInstaller
LogPluginManager: Mounting plugin AndroidDeviceProfileSelector
LogPluginManager: Mounting plugin AndroidMoviePlayer
LogPluginManager: Mounting plugin AndroidPermission
LogPluginManager: Mounting plugin AppleMoviePlayer
LogPluginManager: Mounting plugin ArchVisCharacter
LogPluginManager: Mounting plugin AudioCapture
LogPluginManager: Mounting plugin CableComponent
LogPluginManager: Mounting plugin CustomMeshComponent
LogPluginManager: Mounting plugin EditableMesh
LogPluginManager: Mounting plugin ExampleDeviceProfileSelector
LogPluginManager: Mounting plugin Firebase
LogPluginManager: Mounting plugin GoogleCloudMessaging
LogPluginManager: Mounting plugin IOSDeviceProfileSelector
LogPluginManager: Mounting plugin LinuxDeviceProfileSelector
LogPluginManager: Mounting plugin LocationServicesBPLibrary
LogPluginManager: Mounting plugin MobilePatchingUtils
LogPluginManager: Mounting plugin OculusVR
LogPluginManager: Mounting plugin PhysXVehicles
LogPluginManager: Mounting plugin ProceduralMeshComponent
LogPluginManager: Mounting plugin RuntimePhysXCooking
LogPluginManager: Mounting plugin SignificanceManager
LogPluginManager: Mounting plugin SteamVR
LogPluginManager: Mounting plugin WebMMoviePlayer
LogPluginManager: Mounting plugin WindowsMoviePlayer
LogInit: Using libcurl 7.55.1-DEV
LogInit:  - built for x86_64-pc-win32
LogInit:  - supports SSL with OpenSSL/1.1.1
LogInit:  - supports HTTP deflate (compression) using libz 1.2.8
LogInit:  - other features:
LogInit:      CURL_VERSION_SSL
LogInit:      CURL_VERSION_LIBZ
LogInit:      CURL_VERSION_IPV6
LogInit:      CURL_VERSION_ASYNCHDNS
LogInit:      CURL_VERSION_LARGEFILE
LogInit:      CURL_VERSION_IDN
LogInit:  CurlRequestOptions (configurable via config and command line):
LogInit:  - bVerifyPeer = true  - Libcurl will verify peer certificate
LogInit:  - bUseHttpProxy = false  - Libcurl will NOT use HTTP proxy
LogInit:  - bDontReuseConnections = false  - Libcurl will reuse connections
LogInit:  - MaxHostConnections = 16  - Libcurl will limit the number of connections to a host
LogInit:  - LocalHostAddr = Default
LogInit:  - BufferSize = 65536
LogInit: WinSock: version 1.1 (2.2), MaxSocks=32767, MaxUdp=65467
LogInit: Build: ++UE4+Release-4.22-CL-6574378
LogInit: Engine Version: 4.22.2-6574378+++UE4+Release-4.22
LogInit: Compatible Engine Version: 4.22.0-5660361+++UE4+Release-4.22
LogInit: Net CL: 5660361
LogInit: OS: Windows 10 (Release 1803) (), CPU: Intel(R) Core(TM) i5-7200U CPU @ 2.50GHz, GPU: Intel(R) HD Graphics 620
LogInit: Compiled (64-bit): May 20 2019 09:54:56
LogInit: Compiled with Visual C++: 19.16.27025.01
LogInit: Build Configuration: Development
LogInit: Branch Name: ++UE4+Release-4.22
LogInit: Command Line: 
LogInit: Base Directory: C:/Program Files/Epic Games/UE_4.22/Engine/Binaries/Win64/
LogInit: Installed Engine Build: 1
LogDevObjectVersion: Number of dev versions registered: 23
LogDevObjectVersion:   Dev-Blueprints (B0D832E4-1F89-4F0D-ACCF-7EB736FD4AA2): 10
LogDevObjectVersion:   Dev-Build (E1C64328-A22C-4D53-A36C-8E866417BD8C): 0
LogDevObjectVersion:   Dev-Core (375EC13C-06E4-48FB-B500-84F0262A717E): 3
LogDevObjectVersion:   Dev-Editor (E4B068ED-F494-42E9-A231-DA0B2E46BB41): 30
LogDevObjectVersion:   Dev-Framework (CFFC743F-43B0-4480-9391-14DF171D2073): 35
LogDevObjectVersion:   Dev-Mobile (B02B49B5-BB20-44E9-A304-32B752E40360): 2
LogDevObjectVersion:   Dev-Networking (A4E4105C-59A1-49B5-A7C5-40C4547EDFEE): 0
LogDevObjectVersion:   Dev-Online (39C831C9-5AE6-47DC-9A44-9C173E1C8E7C): 0
LogDevObjectVersion:   Dev-Physics (78F01B33-EBEA-4F98-B9B4-84EACCB95AA2): 0
LogDevObjectVersion:   Dev-Platform (6631380F-2D4D-43E0-8009-CF276956A95A): 0
LogDevObjectVersion:   Dev-Rendering (12F88B9F-8875-4AFC-A67C-D90C383ABD29): 28
LogDevObjectVersion:   Dev-Sequencer (7B5AE74C-D270-4C10-A958-57980B212A5A): 11
LogDevObjectVersion:   Dev-VR (D7296918-1DD6-4BDD-9DE2-64A83CC13884): 2
LogDevObjectVersion:   Dev-LoadTimes (C2A15278-BFE7-4AFE-6C17-90FF531DF755): 1
LogDevObjectVersion:   Private-Geometry (6EACA3D4-40EC-4CC1-B786-8BED09428FC5): 3
LogDevObjectVersion:   Dev-AnimPhys (29E575DD-E0A3-4627-9D10-D276232CDCEA): 17
LogDevObjectVersion:   Dev-Anim (AF43A65D-7FD3-4947-9873-3E8ED9C1BB05): 2
LogDevObjectVersion:   Dev-ReflectionCapture (6B266CEC-1EC7-4B8F-A30B-E4D90942FC07): 1
LogDevObjectVersion:   Dev-Automation (0DF73D61-A23F-47EA-B727-89E90C41499A): 1
LogDevObjectVersion:   FortniteMain (601D1886-AC64-4F84-AA16-D3DE0DEAC7D6): 25
LogDevObjectVersion:   Dev-Enterprise (9DFFBCD6-494F-0158-E221-12823C92A888): 6
LogDevObjectVersion:   Dev-Niagara (F2AED0AC-9AFE-416F-8664-AA7FFA26D6FC): 1
LogDevObjectVersion:   Dev-Destruction (174F1F0B-B4C6-45A5-B13F-2EE8D0FB917D): 2
LogInit: Presizing for max 16777216 objects, including 0 objects not considered by GC, pre-allocating 0 bytes for permanent pool.
LogInit: Object subsystem initialized
LogConfig: Setting CVar [[con.DebugEarlyDefault:1]]
LogConfig: Setting CVar [[r.setres:1280x720]]
[2019.06.19-10.58.57:407][  0]LogConfig: Setting CVar [[r.VSync:0]]
[2019.06.19-10.58.57:407][  0]LogConfig: Setting CVar [[r.RHICmdBypass:0]]
[2019.06.19-10.58.57:407][  0]LogConfig: Applying CVar settings from Section [/Script/Engine.RendererSettings] File [C:/Users/Shezjust/Documents/GitHub/gameproduction/PlanetOfPeacecraft1/Saved/Config/Windows/Engine.ini]
[2019.06.19-10.58.57:407][  0]LogConfig: Setting CVar [[r.GPUCrashDebugging:0]]
[2019.06.19-10.58.57:408][  0]LogConfig: Applying CVar settings from Section [/Script/Engine.RendererOverrideSettings] File [C:/Users/Shezjust/Documents/GitHub/gameproduction/PlanetOfPeacecraft1/Saved/Config/Windows/Engine.ini]
[2019.06.19-10.58.57:408][  0]LogConfig: Applying CVar settings from Section [/Script/Engine.StreamingSettings] File [C:/Users/Shezjust/Documents/GitHub/gameproduction/PlanetOfPeacecraft1/Saved/Config/Windows/Engine.ini]
[2019.06.19-10.58.57:408][  0]LogConfig: Setting CVar [[s.MinBulkDataSizeForAsyncLoading:131072]]
[2019.06.19-10.58.57:408][  0]LogConfig: Setting CVar [[s.AsyncLoadingThreadEnabled:0]]
[2019.06.19-10.58.57:408][  0]LogConfig: Setting CVar [[s.EventDrivenLoaderEnabled:1]]
[2019.06.19-10.58.57:408][  0]LogConfig: Setting CVar [[s.WarnIfTimeLimitExceeded:0]]
[2019.06.19-10.58.57:408][  0]LogConfig: Setting CVar [[s.TimeLimitExceededMultiplier:1.5]]
[2019.06.19-10.58.57:408][  0]LogConfig: Setting CVar [[s.TimeLimitExceededMinTime:0.005]]
[2019.06.19-10.58.57:408][  0]LogConfig: Setting CVar [[s.UseBackgroundLevelStreaming:1]]
[2019.06.19-10.58.57:408][  0]LogConfig: Setting CVar [[s.PriorityAsyncLoadingExtraTime:15.0]]
[2019.06.19-10.58.57:408][  0]LogConfig: Setting CVar [[s.LevelStreamingActorsUpdateTimeLimit:5.0]]
[2019.06.19-10.58.57:408][  0]LogConfig: Setting CVar [[s.PriorityLevelStreamingActorsUpdateExtraTime:5.0]]
[2019.06.19-10.58.57:408][  0]LogConfig: Setting CVar [[s.LevelStreamingComponentsRegistrationGranularity:10]]
[2019.06.19-10.58.57:408][  0]LogConfig: Setting CVar [[s.UnregisterComponentsTimeLimit:1.0]]
[2019.06.19-10.58.57:408][  0]LogConfig: Setting CVar [[s.LevelStreamingComponentsUnregistrationGranularity:5]]
[2019.06.19-10.58.57:408][  0]LogConfig: Applying CVar settings from Section [/Script/Engine.GarbageCollectionSettings] File [C:/Users/Shezjust/Documents/GitHub/gameproduction/PlanetOfPeacecraft1/Saved/Config/Windows/Engine.ini]
[2019.06.19-10.58.57:408][  0]LogConfig: Setting CVar [[gc.MaxObjectsNotConsideredByGC:1]]
[2019.06.19-10.58.57:408][  0]LogConfig: Setting CVar [[gc.SizeOfPermanentObjectPool:0]]
[2019.06.19-10.58.57:408][  0]LogConfig: Setting CVar [[gc.FlushStreamingOnGC:0]]
[2019.06.19-10.58.57:408][  0]LogConfig: Setting CVar [[gc.NumRetriesBeforeForcingGC:10]]
[2019.06.19-10.58.57:408][  0]LogConfig: Setting CVar [[gc.AllowParallelGC:1]]
[2019.06.19-10.58.57:408][  0]LogConfig: Setting CVar [[gc.TimeBetweenPurgingPendingKillObjects:61.1]]
[2019.06.19-10.58.57:408][  0]LogConfig: Setting CVar [[gc.MaxObjectsInEditor:16777216]]
[2019.06.19-10.58.57:408][  0]LogConfig: Setting CVar [[gc.IncrementalBeginDestroyEnabled:1]]
[2019.06.19-10.58.57:408][  0]LogConfig: Setting CVar [[gc.CreateGCClusters:1]]
[2019.06.19-10.58.57:408][  0]LogConfig: Setting CVar [[gc.MinGCClusterSize:5]]
[2019.06.19-10.58.57:408][  0]LogConfig: Setting CVar [[gc.ActorClusteringEnabled:0]]
[2019.06.19-10.58.57:408][  0]LogConfig: Setting CVar [[gc.BlueprintClusteringEnabled:0]]
[2019.06.19-10.58.57:408][  0]LogConfig: Setting CVar [[gc.UseDisregardForGCOnDedicatedServers:0]]
[2019.06.19-10.58.57:408][  0]LogConfig: Applying CVar settings from Section [/Script/Engine.NetworkSettings] File [C:/Users/Shezjust/Documents/GitHub/gameproduction/PlanetOfPeacecraft1/Saved/Config/Windows/Engine.ini]
[2019.06.19-10.58.57:408][  0]LogConfig: Applying CVar settings from Section [/Script/UnrealEd.CookerSettings] File [C:/Users/Shezjust/Documents/GitHub/gameproduction/PlanetOfPeacecraft1/Saved/Config/Windows/Engine.ini]
[2019.06.19-10.58.57:410][  0]LogConfig: Applying CVar settings from Section [ViewDistanceQuality@3] File [C:/Users/Shezjust/Documents/GitHub/gameproduction/PlanetOfPeacecraft1/Saved/Config/Windows/Scalability.ini]
[2019.06.19-10.58.57:410][  0]LogConfig: Setting CVar [[r.SkeletalMeshLODBias:0]]
[2019.06.19-10.58.57:410][  0]LogConfig: Setting CVar [[r.ViewDistanceScale:1.0]]
[2019.06.19-10.58.57:410][  0]LogConfig: Applying CVar settings from Section [AntiAliasingQuality@3] File [C:/Users/Shezjust/Documents/GitHub/gameproduction/PlanetOfPeacecraft1/Saved/Config/Windows/Scalability.ini]
[2019.06.19-10.58.57:410][  0]LogConfig: Setting CVar [[r.PostProcessAAQuality:4]]
[2019.06.19-10.58.57:410][  0]LogConfig: Applying CVar settings from Section [ShadowQuality@3] File [C:/Users/Shezjust/Documents/GitHub/gameproduction/PlanetOfPeacecraft1/Saved/Config/Windows/Scalability.ini]
[2019.06.19-10.58.57:410][  0]LogConfig: Setting CVar [[r.LightFunctionQuality:1]]
[2019.06.19-10.58.57:410][  0]LogConfig: Setting CVar [[r.ShadowQuality:5]]
[2019.06.19-10.58.57:410][  0]LogConfig: Setting CVar [[r.Shadow.CSM.MaxCascades:10]]
[2019.06.19-10.58.57:410][  0]LogConfig: Setting CVar [[r.Shadow.MaxResolution:2048]]
[2019.06.19-10.58.57:410][  0]LogConfig: Setting CVar [[r.Shadow.MaxCSMResolution:2048]]
[2019.06.19-10.58.57:410][  0]LogConfig: Setting CVar [[r.Shadow.RadiusThreshold:0.01]]
[2019.06.19-10.58.57:410][  0]LogConfig: Setting CVar [[r.Shadow.DistanceScale:1.0]]
[2019.06.19-10.58.57:410][  0]LogConfig: Setting CVar [[r.Shadow.CSM.TransitionScale:1.0]]
[2019.06.19-10.58.57:411][  0]LogConfig: Setting CVar [[r.Shadow.PreShadowResolutionFactor:1.0]]
[2019.06.19-10.58.57:411][  0]LogConfig: Setting CVar [[r.DistanceFieldShadowing:1]]
[2019.06.19-10.58.57:411][  0]LogConfig: Setting CVar [[r.DistanceFieldAO:1]]
[2019.06.19-10.58.57:411][  0]LogConfig: Setting CVar [[r.AOQuality:2]]
[2019.06.19-10.58.57:411][  0]LogConfig: Setting CVar [[r.VolumetricFog:1]]
[2019.06.19-10.58.57:411][  0]LogConfig: Setting CVar [[r.VolumetricFog.GridPixelSize:8]]
[2019.06.19-10.58.57:411][  0]LogConfig: Setting CVar [[r.VolumetricFog.GridSizeZ:128]]
[2019.06.19-10.58.57:411][  0]LogConfig: Setting CVar [[r.VolumetricFog.HistoryMissSupersampleCount:4]]
[2019.06.19-10.58.57:411][  0]LogConfig: Setting CVar [[r.LightMaxDrawDistanceScale:1]]
[2019.06.19-10.58.57:411][  0]LogConfig: Setting CVar [[r.CapsuleShadows:1]]
[2019.06.19-10.58.57:411][  0]LogConfig: Applying CVar settings from Section [PostProcessQuality@3] File [C:/Users/Shezjust/Documents/GitHub/gameproduction/PlanetOfPeacecraft1/Saved/Config/Windows/Scalability.ini]
[2019.06.19-10.58.57:411][  0]LogConfig: Setting CVar [[r.MotionBlurQuality:4]]
[2019.06.19-10.58.57:411][  0]LogConfig: Setting CVar [[r.AmbientOcclusionMipLevelFactor:0.4]]
[2019.06.19-10.58.57:411][  0]LogConfig: Setting CVar [[r.AmbientOcclusionMaxQuality:100]]
[2019.06.19-10.58.57:411][  0]LogConfig: Setting CVar [[r.AmbientOcclusionLevels:-1]]
[2019.06.19-10.58.57:411][  0]LogConfig: Setting CVar [[r.AmbientOcclusionRadiusScale:1.0]]
[2019.06.19-10.58.57:411][  0]LogConfig: Setting CVar [[r.DepthOfFieldQuality:2]]
[2019.06.19-10.58.57:411][  0]LogConfig: Setting CVar [[r.RenderTargetPoolMin:400]]
[2019.06.19-10.58.57:411][  0]LogConfig: Setting CVar [[r.LensFlareQuality:2]]
[2019.06.19-10.58.57:411][  0]LogConfig: Setting CVar [[r.SceneColorFringeQuality:1]]
[2019.06.19-10.58.57:411][  0]LogConfig: Setting CVar [[r.EyeAdaptationQuality:2]]
[2019.06.19-10.58.57:411][  0]LogConfig: Setting CVar [[r.BloomQuality:5]]
[2019.06.19-10.58.57:411][  0]LogConfig: Setting CVar [[r.FastBlurThreshold:100]]
[2019.06.19-10.58.57:411][  0]LogConfig: Setting CVar [[r.Upscale.Quality:3]]
[2019.06.19-10.58.57:411][  0]LogConfig: Setting CVar [[r.Tonemapper.GrainQuantization:1]]
[2019.06.19-10.58.57:411][  0]LogConfig: Setting CVar [[r.LightShaftQuality:1]]
[2019.06.19-10.58.57:411][  0]LogConfig: Setting CVar [[r.Filter.SizeScale:1]]
[2019.06.19-10.58.57:411][  0]LogConfig: Setting CVar [[r.Tonemapper.Quality:5]]
[2019.06.19-10.58.57:411][  0]LogConfig: Setting CVar [[r.DOF.Gather.AccumulatorQuality:1        ; higher gathering accumulator quality]]
[2019.06.19-10.58.57:411][  0]LogConfig: Setting CVar [[r.DOF.Gather.PostfilterMethod:1          ; Median3x3 postfilering method]]
[2019.06.19-10.58.57:411][  0]LogConfig: Setting CVar [[r.DOF.Gather.EnableBokehSettings:0       ; no bokeh simulation when gathering]]
[2019.06.19-10.58.57:411][  0]LogConfig: Setting CVar [[r.DOF.Gather.RingCount:4                 ; medium number of samples when gathering]]
[2019.06.19-10.58.57:411][  0]LogConfig: Setting CVar [[r.DOF.Scatter.ForegroundCompositing:1    ; additive foreground scattering]]
[2019.06.19-10.58.57:411][  0]LogConfig: Setting CVar [[r.DOF.Scatter.BackgroundCompositing:2    ; additive background scattering]]
[2019.06.19-10.58.57:411][  0]LogConfig: Setting CVar [[r.DOF.Scatter.EnableBokehSettings:1      ; bokeh simulation when scattering]]
[2019.06.19-10.58.57:411][  0]LogConfig: Setting CVar [[r.DOF.Scatter.MaxSpriteRatio:0.1         ; only a maximum of 10% of scattered bokeh]]
[2019.06.19-10.58.57:411][  0]LogConfig: Setting CVar [[r.DOF.Recombine.Quality:1                ; cheap slight out of focus]]
[2019.06.19-10.58.57:411][  0]LogConfig: Setting CVar [[r.DOF.Recombine.EnableBokehSettings:0    ; no bokeh simulation on slight out of focus]]
[2019.06.19-10.58.57:411][  0]LogConfig: Setting CVar [[r.DOF.TemporalAAQuality:1                ; more stable temporal accumulation]]
[2019.06.19-10.58.57:411][  0]LogConfig: Setting CVar [[r.DOF.Kernel.MaxForegroundRadius:0.025]]
[2019.06.19-10.58.57:411][  0]LogConfig: Setting CVar [[r.DOF.Kernel.MaxBackgroundRadius:0.025]]
[2019.06.19-10.58.57:411][  0]LogConfig: Applying CVar settings from Section [TextureQuality@3] File [C:/Users/Shezjust/Documents/GitHub/gameproduction/PlanetOfPeacecraft1/Saved/Config/Windows/Scalability.ini]
[2019.06.19-10.58.57:411][  0]LogConfig: Setting CVar [[r.Streaming.MipBias:0]]
[2019.06.19-10.58.57:411][  0]LogConfig: Setting CVar [[r.Streaming.AmortizeCPUToGPUCopy:0]]
[2019.06.19-10.58.57:411][  0]LogConfig: Setting CVar [[r.Streaming.MaxNumTexturesToStreamPerFrame:0]]
[2019.06.19-10.58.57:411][  0]LogConfig: Setting CVar [[r.Streaming.Boost:1]]
[2019.06.19-10.58.57:411][  0]LogConfig: Setting CVar [[r.MaxAnisotropy:8]]
[2019.06.19-10.58.57:411][  0]LogConfig: Setting CVar [[r.Streaming.LimitPoolSizeToVRAM:0]]
[2019.06.19-10.58.57:411][  0]LogConfig: Setting CVar [[r.Streaming.PoolSize:1000]]
[2019.06.19-10.58.57:411][  0]LogConfig: Setting CVar [[r.Streaming.MaxEffectiveScreenSize:0]]
[2019.06.19-10.58.57:411][  0]LogConfig: Applying CVar settings from Section [EffectsQuality@3] File [C:/Users/Shezjust/Documents/GitHub/gameproduction/PlanetOfPeacecraft1/Saved/Config/Windows/Scalability.ini]
[2019.06.19-10.58.57:411][  0]LogConfig: Setting CVar [[r.TranslucencyLightingVolumeDim:64]]
[2019.06.19-10.58.57:411][  0]LogConfig: Setting CVar [[r.RefractionQuality:2]]
[2019.06.19-10.58.57:411][  0]LogConfig: Setting CVar [[r.SSR.Quality:3]]
[2019.06.19-10.58.57:411][  0]LogConfig: Setting CVar [[r.SceneColorFormat:4]]
[2019.06.19-10.58.57:411][  0]LogConfig: Setting CVar [[r.DetailMode:2]]
[2019.06.19-10.58.57:411][  0]LogConfig: Setting CVar [[r.TranslucencyVolumeBlur:1]]
[2019.06.19-10.58.57:411][  0]LogConfig: Setting CVar [[r.MaterialQualityLevel:1 ; High quality]]
[2019.06.19-10.58.57:411][  0]LogConfig: Setting CVar [[r.SSS.Scale:1]]
[2019.06.19-10.58.57:411][  0]LogConfig: Setting CVar [[r.SSS.SampleSet:2]]
[2019.06.19-10.58.57:411][  0]LogConfig: Setting CVar [[r.SSS.Quality:1]]
[2019.06.19-10.58.57:411][  0]LogConfig: Setting CVar [[r.SSS.HalfRes:1]]
[2019.06.19-10.58.57:411][  0]LogConfig: Setting CVar [[r.EmitterSpawnRateScale:1.0]]
[2019.06.19-10.58.57:411][  0]LogConfig: Setting CVar [[r.ParticleLightQuality:2]]
[2019.06.19-10.58.57:411][  0]LogConfig: Applying CVar settings from Section [FoliageQuality@3] File [C:/Users/Shezjust/Documents/GitHub/gameproduction/PlanetOfPeacecraft1/Saved/Config/Windows/Scalability.ini]
[2019.06.19-10.58.57:411][  0]LogConfig: Setting CVar [[foliage.DensityScale:1.0]]
[2019.06.19-10.58.57:411][  0]LogConfig: Setting CVar [[grass.DensityScale:1.0]]
[2019.06.19-10.58.57:411][  0]LogInit: Selected Device Profile: [Windows]
[2019.06.19-10.58.57:411][  0]LogInit: Applying CVar settings loaded from the selected device profile: [Windows]
[2019.06.19-10.58.57:426][  0]LogHAL: Display: Platform has ~ 8 GB [8459489280 / 8589934592 / 8], which maps to Default [LargestMinGB=32, LargerMinGB=12, DefaultMinGB=8, SmallerMinGB=6, SmallestMinGB=0)
[2019.06.19-10.58.57:426][  0]LogConfig: Setting CVar [[r.Vulkan.UseRealUBs:0		; Required until we fix HLR fall-out]]
[2019.06.19-10.58.57:426][  0]LogInit: Going up to parent DeviceProfile []
[2019.06.19-10.58.57:426][  0]LogConfig: Applying CVar settings from Section [ViewDistanceQuality@3] File [C:/Users/Shezjust/Documents/GitHub/gameproduction/PlanetOfPeacecraft1/Saved/Config/Windows/Scalability.ini]
[2019.06.19-10.58.57:426][  0]LogConfig: Setting CVar [[r.SkeletalMeshLODBias:0]]
[2019.06.19-10.58.57:426][  0]LogConfig: Setting CVar [[r.ViewDistanceScale:1.0]]
[2019.06.19-10.58.57:426][  0]LogConfig: Applying CVar settings from Section [AntiAliasingQuality@3] File [C:/Users/Shezjust/Documents/GitHub/gameproduction/PlanetOfPeacecraft1/Saved/Config/Windows/Scalability.ini]
[2019.06.19-10.58.57:426][  0]LogConfig: Setting CVar [[r.PostProcessAAQuality:4]]
[2019.06.19-10.58.57:426][  0]LogConfig: Applying CVar settings from Section [ShadowQuality@3] File [C:/Users/Shezjust/Documents/GitHub/gameproduction/PlanetOfPeacecraft1/Saved/Config/Windows/Scalability.ini]
[2019.06.19-10.58.57:426][  0]LogConfig: Setting CVar [[r.LightFunctionQuality:1]]
[2019.06.19-10.58.57:426][  0]LogConfig: Setting CVar [[r.ShadowQuality:5]]
[2019.06.19-10.58.57:426][  0]LogConfig: Setting CVar [[r.Shadow.CSM.MaxCascades:10]]
[2019.06.19-10.58.57:426][  0]LogConfig: Setting CVar [[r.Shadow.MaxResolution:2048]]
[2019.06.19-10.58.57:426][  0]LogConfig: Setting CVar [[r.Shadow.MaxCSMResolution:2048]]
[2019.06.19-10.58.57:426][  0]LogConfig: Setting CVar [[r.Shadow.RadiusThreshold:0.01]]
[2019.06.19-10.58.57:426][  0]LogConfig: Setting CVar [[r.Shadow.DistanceScale:1.0]]
[2019.06.19-10.58.57:426][  0]LogConfig: Setting CVar [[r.Shadow.CSM.TransitionScale:1.0]]
[2019.06.19-10.58.57:426][  0]LogConfig: Setting CVar [[r.Shadow.PreShadowResolutionFactor:1.0]]
[2019.06.19-10.58.57:426][  0]LogConfig: Setting CVar [[r.DistanceFieldShadowing:1]]
[2019.06.19-10.58.57:426][  0]LogConfig: Setting CVar [[r.DistanceFieldAO:1]]
[2019.06.19-10.58.57:426][  0]LogConfig: Setting CVar [[r.AOQuality:2]]
[2019.06.19-10.58.57:426][  0]LogConfig: Setting CVar [[r.VolumetricFog:1]]
[2019.06.19-10.58.57:426][  0]LogConfig: Setting CVar [[r.VolumetricFog.GridPixelSize:8]]
[2019.06.19-10.58.57:426][  0]LogConfig: Setting CVar [[r.VolumetricFog.GridSizeZ:128]]
[2019.06.19-10.58.57:426][  0]LogConfig: Setting CVar [[r.VolumetricFog.HistoryMissSupersampleCount:4]]
[2019.06.19-10.58.57:426][  0]LogConfig: Setting CVar [[r.LightMaxDrawDistanceScale:1]]
[2019.06.19-10.58.57:426][  0]LogConfig: Setting CVar [[r.CapsuleShadows:1]]
[2019.06.19-10.58.57:426][  0]LogConfig: Applying CVar settings from Section [PostProcessQuality@3] File [C:/Users/Shezjust/Documents/GitHub/gameproduction/PlanetOfPeacecraft1/Saved/Config/Windows/Scalability.ini]
[2019.06.19-10.58.57:426][  0]LogConfig: Setting CVar [[r.MotionBlurQuality:4]]
[2019.06.19-10.58.57:426][  0]LogConfig: Setting CVar [[r.AmbientOcclusionMipLevelFactor:0.4]]
[2019.06.19-10.58.57:426][  0]LogConfig: Setting CVar [[r.AmbientOcclusionMaxQuality:100]]
[2019.06.19-10.58.57:426][  0]LogConfig: Setting CVar [[r.AmbientOcclusionLevels:-1]]
[2019.06.19-10.58.57:426][  0]LogConfig: Setting CVar [[r.AmbientOcclusionRadiusScale:1.0]]
[2019.06.19-10.58.57:426][  0]LogConfig: Setting CVar [[r.DepthOfFieldQuality:2]]
[2019.06.19-10.58.57:426][  0]LogConfig: Setting CVar [[r.RenderTargetPoolMin:400]]
[2019.06.19-10.58.57:426][  0]LogConfig: Setting CVar [[r.LensFlareQuality:2]]
[2019.06.19-10.58.57:426][  0]LogConfig: Setting CVar [[r.SceneColorFringeQuality:1]]
[2019.06.19-10.58.57:426][  0]LogConfig: Setting CVar [[r.EyeAdaptationQuality:2]]
[2019.06.19-10.58.57:426][  0]LogConfig: Setting CVar [[r.BloomQuality:5]]
[2019.06.19-10.58.57:426][  0]LogConfig: Setting CVar [[r.FastBlurThreshold:100]]
[2019.06.19-10.58.57:426][  0]LogConfig: Setting CVar [[r.Upscale.Quality:3]]
[2019.06.19-10.58.57:426][  0]LogConfig: Setting CVar [[r.Tonemapper.GrainQuantization:1]]
[2019.06.19-10.58.57:426][  0]LogConfig: Setting CVar [[r.LightShaftQuality:1]]
[2019.06.19-10.58.57:426][  0]LogConfig: Setting CVar [[r.Filter.SizeScale:1]]
[2019.06.19-10.58.57:426][  0]LogConfig: Setting CVar [[r.Tonemapper.Quality:5]]
[2019.06.19-10.58.57:426][  0]LogConfig: Setting CVar [[r.DOF.Gather.AccumulatorQuality:1        ; higher gathering accumulator quality]]
[2019.06.19-10.58.57:426][  0]LogConfig: Setting CVar [[r.DOF.Gather.PostfilterMethod:1          ; Median3x3 postfilering method]]
[2019.06.19-10.58.57:426][  0]LogConfig: Setting CVar [[r.DOF.Gather.EnableBokehSettings:0       ; no bokeh simulation when gathering]]
[2019.06.19-10.58.57:426][  0]LogConfig: Setting CVar [[r.DOF.Gather.RingCount:4                 ; medium number of samples when gathering]]
[2019.06.19-10.58.57:427][  0]LogConfig: Setting CVar [[r.DOF.Scatter.ForegroundCompositing:1    ; additive foreground scattering]]
[2019.06.19-10.58.57:427][  0]LogConfig: Setting CVar [[r.DOF.Scatter.BackgroundCompositing:2    ; additive background scattering]]
[2019.06.19-10.58.57:427][  0]LogConfig: Setting CVar [[r.DOF.Scatter.EnableBokehSettings:1      ; bokeh simulation when scattering]]
[2019.06.19-10.58.57:427][  0]LogConfig: Setting CVar [[r.DOF.Scatter.MaxSpriteRatio:0.1         ; only a maximum of 10% of scattered bokeh]]
[2019.06.19-10.58.57:427][  0]LogConfig: Setting CVar [[r.DOF.Recombine.Quality:1                ; cheap slight out of focus]]
[2019.06.19-10.58.57:427][  0]LogConfig: Setting CVar [[r.DOF.Recombine.EnableBokehSettings:0    ; no bokeh simulation on slight out of focus]]
[2019.06.19-10.58.57:427][  0]LogConfig: Setting CVar [[r.DOF.TemporalAAQuality:1                ; more stable temporal accumulation]]
[2019.06.19-10.58.57:427][  0]LogConfig: Setting CVar [[r.DOF.Kernel.MaxForegroundRadius:0.025]]
[2019.06.19-10.58.57:427][  0]LogConfig: Setting CVar [[r.DOF.Kernel.MaxBackgroundRadius:0.025]]
[2019.06.19-10.58.57:427][  0]LogConfig: Applying CVar settings from Section [TextureQuality@3] File [C:/Users/Shezjust/Documents/GitHub/gameproduction/PlanetOfPeacecraft1/Saved/Config/Windows/Scalability.ini]
[2019.06.19-10.58.57:427][  0]LogConfig: Setting CVar [[r.Streaming.MipBias:0]]
[2019.06.19-10.58.57:427][  0]LogConfig: Setting CVar [[r.Streaming.AmortizeCPUToGPUCopy:0]]
[2019.06.19-10.58.57:427][  0]LogConfig: Setting CVar [[r.Streaming.MaxNumTexturesToStreamPerFrame:0]]
[2019.06.19-10.58.57:427][  0]LogConfig: Setting CVar [[r.Streaming.Boost:1]]
[2019.06.19-10.58.57:427][  0]LogConfig: Setting CVar [[r.MaxAnisotropy:8]]
[2019.06.19-10.58.57:427][  0]LogConfig: Setting CVar [[r.Streaming.LimitPoolSizeToVRAM:0]]
[2019.06.19-10.58.57:427][  0]LogConfig: Setting CVar [[r.Streaming.PoolSize:1000]]
[2019.06.19-10.58.57:427][  0]LogConfig: Setting CVar [[r.Streaming.MaxEffectiveScreenSize:0]]
[2019.06.19-10.58.57:427][  0]LogConfig: Applying CVar settings from Section [EffectsQuality@3] File [C:/Users/Shezjust/Documents/GitHub/gameproduction/PlanetOfPeacecraft1/Saved/Config/Windows/Scalability.ini]
[2019.06.19-10.58.57:427][  0]LogConfig: Setting CVar [[r.TranslucencyLightingVolumeDim:64]]
[2019.06.19-10.58.57:427][  0]LogConfig: Setting CVar [[r.RefractionQuality:2]]
[2019.06.19-10.58.57:427][  0]LogConfig: Setting CVar [[r.SSR.Quality:3]]
[2019.06.19-10.58.57:427][  0]LogConfig: Setting CVar [[r.SceneColorFormat:4]]
[2019.06.19-10.58.57:427][  0]LogConfig: Setting CVar [[r.DetailMode:2]]
[2019.06.19-10.58.57:427][  0]LogConfig: Setting CVar [[r.TranslucencyVolumeBlur:1]]
[2019.06.19-10.58.57:427][  0]LogConfig: Setting CVar [[r.MaterialQualityLevel:1 ; High quality]]
[2019.06.19-10.58.57:427][  0]LogConfig: Setting CVar [[r.SSS.Scale:1]]
[2019.06.19-10.58.57:427][  0]LogConfig: Setting CVar [[r.SSS.SampleSet:2]]
[2019.06.19-10.58.57:427][  0]LogConfig: Setting CVar [[r.SSS.Quality:1]]
[2019.06.19-10.58.57:427][  0]LogConfig: Setting CVar [[r.SSS.HalfRes:1]]
[2019.06.19-10.58.57:427][  0]LogConfig: Setting CVar [[r.EmitterSpawnRateScale:1.0]]
[2019.06.19-10.58.57:427][  0]LogConfig: Setting CVar [[r.ParticleLightQuality:2]]
[2019.06.19-10.58.57:427][  0]LogConfig: Applying CVar settings from Section [FoliageQuality@3] File [C:/Users/Shezjust/Documents/GitHub/gameproduction/PlanetOfPeacecraft1/Saved/Config/Windows/Scalability.ini]
[2019.06.19-10.58.57:427][  0]LogConfig: Setting CVar [[foliage.DensityScale:1.0]]
[2019.06.19-10.58.57:427][  0]LogConfig: Setting CVar [[grass.DensityScale:1.0]]
[2019.06.19-10.58.57:427][  0]LogConfig: Applying CVar settings from Section [Startup] File [../../../Engine/Config/ConsoleVariables.ini]
[2019.06.19-10.58.57:427][  0]LogConfig: Setting CVar [[net.UseAdaptiveNetUpdateFrequency:0]]
[2019.06.19-10.58.57:427][  0]LogConfig: Setting CVar [[p.chaos.AllowCreatePhysxBodies:1]]
[2019.06.19-10.58.57:427][  0]LogConfig: Applying CVar settings from Section [ConsoleVariables] File [C:/Users/Shezjust/Documents/GitHub/gameproduction/PlanetOfPeacecraft1/Saved/Config/Windows/Engine.ini]
[2019.06.19-10.58.57:428][  0]LogInit: Computer: LAPTOP-48DPVNQM
[2019.06.19-10.58.57:428][  0]LogInit: User: Shezjust
[2019.06.19-10.58.57:428][  0]LogInit: CPU Page size=4096, Cores=2
[2019.06.19-10.58.57:428][  0]LogInit: High frequency timer resolution =2.648438 MHz
[2019.06.19-10.58.57:428][  0]LogMemory: Memory total: Physical=7.9GB (8GB approx)
[2019.06.19-10.58.57:428][  0]LogMemory: Platform Memory Stats for Windows
[2019.06.19-10.58.57:428][  0]LogMemory: Process Physical Memory: 96.00 MB used, 96.00 MB peak
[2019.06.19-10.58.57:428][  0]LogMemory: Process Virtual Memory: 83.74 MB used, 83.74 MB peak
[2019.06.19-10.58.57:428][  0]LogMemory: Physical Memory: 6256.64 MB used,  1810.95 MB free, 8067.60 MB total
[2019.06.19-10.58.57:428][  0]LogMemory: Virtual Memory: 4637.92 MB used,  134213088.00 MB free, 134217728.00 MB total
[2019.06.19-10.58.57:464][  0]LogInit: Using OS detected language (en-US).
[2019.06.19-10.58.57:464][  0]LogInit: Using OS detected locale (en-AU).
[2019.06.19-10.58.57:465][  0]LogTextLocalizationManager: No specific localization for 'en-US' exists, so the 'en' localization will be used.
[2019.06.19-10.58.57:688][  0]LogInit: Setting process to per monitor DPI aware
[2019.06.19-10.58.57:749][  0]LogSlate: New Slate User Created.  User Index 0, Is Virtual User: 0
[2019.06.19-10.58.57:749][  0]LogSlate: Slate User Registered.  User Index 0, Is Virtual User: 0
[2019.06.19-10.58.58:071][  0]LogHMD: Failed to initialize OpenVR with code 110
[2019.06.19-10.58.58:071][  0]LogD3D11RHI: D3D11 adapters:
[2019.06.19-10.58.58:144][  0]LogD3D11RHI:    0. 'NVIDIA GeForce 940MX' (Feature Level 11_0)
[2019.06.19-10.58.58:145][  0]LogD3D11RHI:       2020/0/4033 MB DedicatedVideo/DedicatedSystem/SharedSystem, Outputs:1, VendorId:0x10de
[2019.06.19-10.58.58:158][  0]LogD3D11RHI:    1. 'Intel(R) HD Graphics 620' (Feature Level 11_0)
[2019.06.19-10.58.58:158][  0]LogD3D11RHI:       128/0/4033 MB DedicatedVideo/DedicatedSystem/SharedSystem, Outputs:0, VendorId:0x8086
[2019.06.19-10.58.58:160][  0]LogD3D11RHI:    2. 'Microsoft Basic Render Driver' (Feature Level 11_0)
[2019.06.19-10.58.58:160][  0]LogD3D11RHI:       0/0/4033 MB DedicatedVideo/DedicatedSystem/SharedSystem, Outputs:0, VendorId:0x1414
[2019.06.19-10.58.58:160][  0]LogD3D11RHI: Chosen D3D11 Adapter: 0
[2019.06.19-10.58.58:199][  0]LogD3D11RHI: Creating new Direct3DDevice
[2019.06.19-10.58.58:199][  0]LogD3D11RHI:     GPU DeviceId: 0x134d (for the marketing name, search the web for "GPU Device Id")
[2019.06.19-10.58.58:199][  0]LogWindows: EnumDisplayDevices:
[2019.06.19-10.58.58:199][  0]LogWindows:    0. 'Intel(R) HD Graphics 620' (P:1 D:1)
[2019.06.19-10.58.58:199][  0]LogWindows:    1. 'Intel(R) HD Graphics 620' (P:0 D:0)
[2019.06.19-10.58.58:200][  0]LogWindows:    2. 'Intel(R) HD Graphics 620' (P:0 D:0)
[2019.06.19-10.58.58:200][  0]LogWindows: DebugString: PrimaryIsNotTheChoosenAdapter PrimaryIsNotTheChoosenAdapter PrimaryIsNotTheChoosenAdapter FoundDriverCount:0 
[2019.06.19-10.58.58:200][  0]LogD3D11RHI:     Adapter Name: NVIDIA GeForce 940MX
[2019.06.19-10.58.58:200][  0]LogD3D11RHI:   Driver Version: Unknown (internal:Unknown, unified:Unknown)
[2019.06.19-10.58.58:200][  0]LogD3D11RHI:      Driver Date: Unknown
[2019.06.19-10.58.58:200][  0]LogRHI: Texture pool is 1414 MB (70% of 2020 MB)
[2019.06.19-10.58.58:237][  0]LogD3D11RHI: Async texture creation enabled
[2019.06.19-10.58.58:242][  0]LogRendererCore: FGlobalReadBuffer::InitRHI
[2019.06.19-10.58.58:242][  0]LogRendererCore: FGlobalReadBuffer::InitRHI
[2019.06.19-10.58.58:242][  0]LogRendererCore: FGlobalReadBuffer::InitRHI
[2019.06.19-10.58.58:256][  0]LogD3D11RHI: GPU Timing Frequency: 1000.000000 (Debug: 2 2)
[2019.06.19-10.58.58:663][  0]LogTemp: Display: Module 'AllDesktopTargetPlatform' loaded TargetPlatform 'AllDesktop'
[2019.06.19-10.58.58:682][  0]LogTemp: Display: Module 'MacClientTargetPlatform' loaded TargetPlatform 'MacClient'
[2019.06.19-10.58.58:701][  0]LogTemp: Display: Module 'MacNoEditorTargetPlatform' loaded TargetPlatform 'MacNoEditor'
[2019.06.19-10.58.58:720][  0]LogTemp: Display: Module 'MacServerTargetPlatform' loaded TargetPlatform 'MacServer'
[2019.06.19-10.58.58:739][  0]LogTemp: Display: Module 'MacTargetPlatform' loaded TargetPlatform 'Mac'
[2019.06.19-10.58.58:758][  0]LogTemp: Display: Module 'WindowsClientTargetPlatform' loaded TargetPlatform 'WindowsClient'
[2019.06.19-10.58.58:780][  0]LogTemp: Display: Module 'WindowsNoEditorTargetPlatform' loaded TargetPlatform 'WindowsNoEditor'
[2019.06.19-10.58.58:801][  0]LogTemp: Display: Module 'WindowsServerTargetPlatform' loaded TargetPlatform 'WindowsServer'
[2019.06.19-10.58.58:811][  0]LogTemp: Display: Module 'WindowsTargetPlatform' loaded TargetPlatform 'Windows'
[2019.06.19-10.58.58:942][  0]LogTemp: Display: Module 'AndroidTargetPlatform' loaded TargetPlatform 'Android'
[2019.06.19-10.58.58:942][  0]LogTemp: Display: Module 'AndroidTargetPlatform' loaded TargetPlatform 'Android_ASTC'
[2019.06.19-10.58.58:942][  0]LogTemp: Display: Module 'AndroidTargetPlatform' loaded TargetPlatform 'Android_ATC'
[2019.06.19-10.58.58:942][  0]LogTemp: Display: Module 'AndroidTargetPlatform' loaded TargetPlatform 'Android_DXT'
[2019.06.19-10.58.58:942][  0]LogTemp: Display: Module 'AndroidTargetPlatform' loaded TargetPlatform 'Android_ETC1'
[2019.06.19-10.58.58:942][  0]LogTemp: Display: Module 'AndroidTargetPlatform' loaded TargetPlatform 'Android_ETC1a'
[2019.06.19-10.58.58:942][  0]LogTemp: Display: Module 'AndroidTargetPlatform' loaded TargetPlatform 'Android_ETC2'
[2019.06.19-10.58.58:942][  0]LogTemp: Display: Module 'AndroidTargetPlatform' loaded TargetPlatform 'Android_PVRTC'
[2019.06.19-10.58.58:942][  0]LogTemp: Display: Module 'AndroidTargetPlatform' loaded TargetPlatform 'AndroidClient'
[2019.06.19-10.58.58:942][  0]LogTemp: Display: Module 'AndroidTargetPlatform' loaded TargetPlatform 'Android_ASTCClient'
[2019.06.19-10.58.58:942][  0]LogTemp: Display: Module 'AndroidTargetPlatform' loaded TargetPlatform 'Android_ATCClient'
[2019.06.19-10.58.58:942][  0]LogTemp: Display: Module 'AndroidTargetPlatform' loaded TargetPlatform 'Android_DXTClient'
[2019.06.19-10.58.58:942][  0]LogTemp: Display: Module 'AndroidTargetPlatform' loaded TargetPlatform 'Android_ETC1Client'
[2019.06.19-10.58.58:942][  0]LogTemp: Display: Module 'AndroidTargetPlatform' loaded TargetPlatform 'Android_ETC1aClient'
[2019.06.19-10.58.58:942][  0]LogTemp: Display: Module 'AndroidTargetPlatform' loaded TargetPlatform 'Android_ETC2Client'
[2019.06.19-10.58.58:942][  0]LogTemp: Display: Module 'AndroidTargetPlatform' loaded TargetPlatform 'Android_PVRTCClient'
[2019.06.19-10.58.58:942][  0]LogTemp: Display: Module 'AndroidTargetPlatform' loaded TargetPlatform 'Android_Multi'
[2019.06.19-10.58.58:942][  0]LogTemp: Display: Module 'AndroidTargetPlatform' loaded TargetPlatform 'Android_MultiClient'
[2019.06.19-10.58.58:945][  0]LogTemp: Display: Module 'HTML5TargetPlatform' loaded TargetPlatform 'HTML5'
[2019.06.19-10.58.59:000][  0]LogTemp: Display: Module 'IOSTargetPlatform' loaded TargetPlatform 'IOSClient'
[2019.06.19-10.58.59:000][  0]LogTemp: Display: Module 'IOSTargetPlatform' loaded TargetPlatform 'IOS'
[2019.06.19-10.58.59:028][  0]LogTemp: Display: Module 'TVOSTargetPlatform' loaded TargetPlatform 'TVOSClient'
[2019.06.19-10.58.59:028][  0]LogTemp: Display: Module 'TVOSTargetPlatform' loaded TargetPlatform 'TVOS'
[2019.06.19-10.58.59:042][  0]LogTemp: Display: Module 'LinuxClientTargetPlatform' loaded TargetPlatform 'LinuxClient'
[2019.06.19-10.58.59:060][  0]LogTemp: Display: Module 'LinuxNoEditorTargetPlatform' loaded TargetPlatform 'LinuxNoEditor'
[2019.06.19-10.58.59:075][  0]LogTemp: Display: Module 'LinuxServerTargetPlatform' loaded TargetPlatform 'LinuxServer'
[2019.06.19-10.58.59:091][  0]LogTemp: Display: Module 'LinuxTargetPlatform' loaded TargetPlatform 'Linux'
[2019.06.19-10.58.59:151][  0]LogTemp: Display: Module 'LuminTargetPlatform' loaded TargetPlatform 'Lumin'
[2019.06.19-10.58.59:151][  0]LogTemp: Display: Module 'LuminTargetPlatform' loaded TargetPlatform 'LuminClient'
[2019.06.19-10.58.59:151][  0]LogTargetPlatformManager: Display: Building Assets For Windows
[2019.06.19-10.58.59:165][  0]LogAudioDebug: Display: Lib vorbis DLL was dynamically loaded.
[2019.06.19-10.58.59:258][  0]LogShaderCompilers: Guid format shader working directory is -36 characters bigger than the processId version (../../../../../../Users/Shezjust/Documents/GitHub/gameproduction/PlanetOfPeacecraft1/Intermediate/Shaders/WorkingDirectory/10748/).
[2019.06.19-10.58.59:259][  0]LogShaderCompilers: Cleaned the shader compiler working directory 'C:/Users/Shezjust/AppData/Local/Temp/UnrealShaderWorkingDir/76A4D6CD408D322879BFD989E402A363/'.
[2019.06.19-10.58.59:263][  0]LogXGEController: Cannot use XGE Controller as Incredibuild is not installed on this machine.
[2019.06.19-10.58.59:263][  0]LogShaderCompilers: Cannot use XGE Shader Compiler as Incredibuild is not installed on this machine.
[2019.06.19-10.58.59:263][  0]LogShaderCompilers: Display: Using Local Shader Compiler.
[2019.06.19-10.58.59:976][  0]LogDerivedDataCache: Display: Max Cache Size: 512 MB
[2019.06.19-10.59.00:049][  0]LogDerivedDataCache: Loaded boot cache 0.07s 71MB C:/Users/Shezjust/AppData/Local/UnrealEngine/4.22/DerivedDataCache/Boot.ddc.
[2019.06.19-10.59.00:049][  0]LogDerivedDataCache: Display: Loaded Boot cache: C:/Users/Shezjust/AppData/Local/UnrealEngine/4.22/DerivedDataCache/Boot.ddc
[2019.06.19-10.59.00:049][  0]LogDerivedDataCache: FDerivedDataBackendGraph:  Pak pak cache file ../../../../../../Users/Shezjust/Documents/GitHub/gameproduction/PlanetOfPeacecraft1/DerivedDataCache/DDC.ddp not found, will not use a pak cache.
[2019.06.19-10.59.00:049][  0]LogDerivedDataCache: Unable to find inner node Pak for hierarchical cache Hierarchy.
[2019.06.19-10.59.00:049][  0]LogDerivedDataCache: FDerivedDataBackendGraph:  CompressedPak pak cache file ../../../../../../Users/Shezjust/Documents/GitHub/gameproduction/PlanetOfPeacecraft1/DerivedDataCache/Compressed.ddp not found, will not use a pak cache.
[2019.06.19-10.59.00:049][  0]LogDerivedDataCache: Unable to find inner node CompressedPak for hierarchical cache Hierarchy.
[2019.06.19-10.59.00:067][  0]LogDerivedDataCache: Display: Pak cache opened for reading ../../../Engine/DerivedDataCache/Compressed.ddp.
[2019.06.19-10.59.00:067][  0]LogDerivedDataCache: FDerivedDataBackendGraph:  EnterprisePak pak cache file ../../../Enterprise/DerivedDataCache/Compressed.ddp not found, will not use a pak cache.
[2019.06.19-10.59.00:067][  0]LogDerivedDataCache: Unable to find inner node EnterprisePak for hierarchical cache Hierarchy.
[2019.06.19-10.59.00:079][  0]LogDerivedDataCache: Using Local data cache path C:/Users/Shezjust/AppData/Local/UnrealEngine/Common/DerivedDataCache: Writable
[2019.06.19-10.59.00:079][  0]LogDerivedDataCache: Shared data cache path not found in *engine.ini, will not use an Shared cache.
[2019.06.19-10.59.00:079][  0]LogDerivedDataCache: Unable to find inner node Shared for hierarchical cache Hierarchy.
[2019.06.19-10.59.00:109][  0]LogMaterial: Verifying Global Shaders for PCD3D_SM5
[2019.06.19-10.59.00:110][  0]LogSlate: Using FreeType 2.6.0
[2019.06.19-10.59.00:111][  0]LogSlate: SlateFontServices - WITH_FREETYPE: 1, WITH_HARFBUZZ: 1
[2019.06.19-10.59.00:210][  0]LogAssetRegistry: FAssetRegistry took 0.0347 seconds to start up
[2019.06.19-10.59.00:727][  0]LogInit: Selected Device Profile: [Windows]
[2019.06.19-10.59.00:927][  0]LogMeshReduction: Using QuadricMeshReduction for automatic static mesh reduction
[2019.06.19-10.59.00:927][  0]LogMeshReduction: Using SimplygonMeshReduction for automatic skeletal mesh reduction
[2019.06.19-10.59.00:927][  0]LogMeshReduction: Using ProxyLODMeshReduction for automatic mesh merging
[2019.06.19-10.59.00:927][  0]LogMeshReduction: No distributed automatic mesh merging module available
[2019.06.19-10.59.00:927][  0]LogMeshMerging: No distributed automatic mesh merging module available
[2019.06.19-10.59.00:941][  0]LogNetVersion: PlanetOfPeacecraft1 1.0.0, NetCL: 5660361, EngineNetVer: 10, GameNetVer: 0 (Checksum: 299048392)
[2019.06.19-10.59.01:584][  0]LogPackageLocalizationCache: Processed 10 localized package path(s) for 1 prioritized culture(s) in 0.075499 seconds
[2019.06.19-10.59.01:592][  0]LogUObjectArray: 42205 objects as part of root set at end of initial load.
[2019.06.19-10.59.01:592][  0]LogUObjectAllocator: 7325032 out of 0 bytes used by permanent object pool.
[2019.06.19-10.59.01:592][  0]LogUObjectArray: CloseDisregardForGC: 0/0 objects in disregard for GC pool
[2019.06.19-10.59.02:864][  0]LogTcpMessaging: Initializing TcpMessaging bridge
[2019.06.19-10.59.02:879][  0]LogUdpMessaging: Initializing bridge on interface 0.0.0.0:0 to multicast group 230.0.0.1:6666.
[2019.06.19-10.59.03:015][  0]SourceControl: Source control is disabled
[2019.06.19-10.59.03:016][  0]LogWindows: Warning: CreateProc failed: The system cannot find the file specified. (0x00000002)
[2019.06.19-10.59.03:016][  0]LogWindows: Warning: URL: C:/Program Files/Git/bin/git.exe version
[2019.06.19-10.59.03:016][  0]LogWindows: Warning: CreateProc failed: The system cannot find the file specified. (0x00000002)
[2019.06.19-10.59.03:016][  0]LogWindows: Warning: URL: C:/Program Files (x86)/Git/bin/git.exe version
[2019.06.19-10.59.03:017][  0]LogWindows: Warning: CreateProc failed: The system cannot find the file specified. (0x00000002)
[2019.06.19-10.59.03:017][  0]LogWindows: Warning: URL: C:\Users\Shezjust\AppData\Local/Programs/Git/cmd/git.exe version
[2019.06.19-10.59.03:017][  0]LogWindows: Warning: CreateProc failed: The system cannot find the file specified. (0x00000002)
[2019.06.19-10.59.03:017][  0]LogWindows: Warning: URL: C:/Program Files (x86)/SmartGit/git/bin/git.exe version
[2019.06.19-10.59.03:017][  0]LogWindows: Warning: CreateProc failed: The system cannot find the file specified. (0x00000002)
[2019.06.19-10.59.03:017][  0]LogWindows: Warning: URL: C:/Program Files (x86)/SmartGit/bin/git.exe version
[2019.06.19-10.59.03:018][  0]LogWindows: Warning: CreateProc failed: The system cannot find the file specified. (0x00000002)
[2019.06.19-10.59.03:018][  0]LogWindows: Warning: URL: C:\Users\Shezjust\AppData\Local/Atlassian/SourceTree/git_local/bin/git.exe version
[2019.06.19-10.59.03:018][  0]LogWindows: Warning: CreateProc failed: The system cannot find the file specified. (0x00000002)
[2019.06.19-10.59.03:018][  0]LogWindows: Warning: URL: C:/Program Files (x86)/fournova/Tower/vendor/Git/bin/git.exe version
[2019.06.19-10.59.03:021][  0]LogWindows: Warning: CreateProc failed: The system cannot find the file specified. (0x00000002)
[2019.06.19-10.59.03:021][  0]LogWindows: Warning: URL: C:/Program Files/Git/bin/git.exe version
[2019.06.19-10.59.03:021][  0]LogWindows: Warning: CreateProc failed: The system cannot find the file specified. (0x00000002)
[2019.06.19-10.59.03:021][  0]LogWindows: Warning: URL: C:/Program Files (x86)/Git/bin/git.exe version
[2019.06.19-10.59.03:021][  0]LogWindows: Warning: CreateProc failed: The system cannot find the file specified. (0x00000002)
[2019.06.19-10.59.03:021][  0]LogWindows: Warning: URL: C:\Users\Shezjust\AppData\Local/Programs/Git/cmd/git.exe version
[2019.06.19-10.59.03:022][  0]LogWindows: Warning: CreateProc failed: The system cannot find the file specified. (0x00000002)
[2019.06.19-10.59.03:022][  0]LogWindows: Warning: URL: C:/Program Files (x86)/SmartGit/git/bin/git.exe version
[2019.06.19-10.59.03:022][  0]LogWindows: Warning: CreateProc failed: The system cannot find the file specified. (0x00000002)
[2019.06.19-10.59.03:022][  0]LogWindows: Warning: URL: C:/Program Files (x86)/SmartGit/bin/git.exe version
[2019.06.19-10.59.03:022][  0]LogWindows: Warning: CreateProc failed: The system cannot find the file specified. (0x00000002)
[2019.06.19-10.59.03:022][  0]LogWindows: Warning: URL: C:\Users\Shezjust\AppData\Local/Atlassian/SourceTree/git_local/bin/git.exe version
[2019.06.19-10.59.03:022][  0]LogWindows: Warning: CreateProc failed: The system cannot find the file specified. (0x00000002)
[2019.06.19-10.59.03:022][  0]LogWindows: Warning: URL: C:/Program Files (x86)/fournova/Tower/vendor/Git/bin/git.exe version
[2019.06.19-10.59.03:025][  0]LogWindows: Warning: CreateProc failed: The system cannot find the file specified. (0x00000002)
[2019.06.19-10.59.03:025][  0]LogWindows: Warning: URL: C:/Program Files/Git/bin/git.exe version
[2019.06.19-10.59.03:025][  0]LogWindows: Warning: CreateProc failed: The system cannot find the file specified. (0x00000002)
[2019.06.19-10.59.03:025][  0]LogWindows: Warning: URL: C:/Program Files (x86)/Git/bin/git.exe version
[2019.06.19-10.59.03:025][  0]LogWindows: Warning: CreateProc failed: The system cannot find the file specified. (0x00000002)
[2019.06.19-10.59.03:025][  0]LogWindows: Warning: URL: C:\Users\Shezjust\AppData\Local/Programs/Git/cmd/git.exe version
[2019.06.19-10.59.03:025][  0]LogWindows: Warning: CreateProc failed: The system cannot find the file specified. (0x00000002)
[2019.06.19-10.59.03:025][  0]LogWindows: Warning: URL: C:/Program Files (x86)/SmartGit/git/bin/git.exe version
[2019.06.19-10.59.03:025][  0]LogWindows: Warning: CreateProc failed: The system cannot find the file specified. (0x00000002)
[2019.06.19-10.59.03:026][  0]LogWindows: Warning: URL: C:/Program Files (x86)/SmartGit/bin/git.exe version
[2019.06.19-10.59.03:026][  0]LogWindows: Warning: CreateProc failed: The system cannot find the file specified. (0x00000002)
[2019.06.19-10.59.03:026][  0]LogWindows: Warning: URL: C:\Users\Shezjust\AppData\Local/Atlassian/SourceTree/git_local/bin/git.exe version
[2019.06.19-10.59.03:026][  0]LogWindows: Warning: CreateProc failed: The system cannot find the file specified. (0x00000002)
[2019.06.19-10.59.03:026][  0]LogWindows: Warning: URL: C:/Program Files (x86)/fournova/Tower/vendor/Git/bin/git.exe version
[2019.06.19-10.59.03:038][  0]LogVSAccessor: Display: Unable to create Visual Studio setup instance: 80040154
[2019.06.19-10.59.03:039][  0]LogVSAccessor: Display: Unable to create Visual Studio setup instance: 80040154
[2019.06.19-10.59.03:150][  0]LogAndroidPermission: UAndroidPermissionCallbackProxy::GetInstance
[2019.06.19-10.59.03:247][  0]LogOcInput: OculusInput pre-init called
[2019.06.19-10.59.04:283][  0]LogEngine: Initializing Engine...
[2019.06.19-10.59.04:284][  0]LogHMD: Failed to initialize OpenVR with code 110
[2019.06.19-10.59.04:286][  0]LogStats: UGameplayTagsManager::InitializeManager -  0.000 s
[2019.06.19-10.59.04:660][  0]LogInit: Initializing FReadOnlyCVARCache
[2019.06.19-10.59.04:691][  0]LogAIModule: Creating AISystem for world Untitled
[2019.06.19-10.59.04:708][  0]LogInit: XAudio2 using 'Speakers (Realtek High Definition Audio(SST))' : 2 channels at 48 kHz using 32 bits per sample (channel mask 0x3)
[2019.06.19-10.59.04:738][  0]LogInit: FAudioDevice initialized.
[2019.06.19-10.59.04:739][  0]LogNetVersion: Set ProjectVersion to 1.0.0.0. Version Checksum will be recalculated on next use.
[2019.06.19-10.59.05:050][  0]LogDerivedDataCache: Saved boot cache 0.31s 71MB C:/Users/Shezjust/AppData/Local/UnrealEngine/4.22/DerivedDataCache/Boot.ddc.
[2019.06.19-10.59.05:066][  0]LogInit: Texture streaming: Enabled
[2019.06.19-10.59.05:103][  0]LogEngineSessionManager: EngineSessionManager initialized
[2019.06.19-10.59.05:153][  0]LogInit: Transaction tracking system initialized
[2019.06.19-10.59.05:205][  0]BlueprintLog: New page: Editor Load
[2019.06.19-10.59.05:364][  0]LocalizationService: Localization service is disabled
[2019.06.19-10.59.05:566][  0]LogVSAccessor: Display: Unable to create Visual Studio setup instance: 80040154
[2019.06.19-10.59.05:566][  0]LogVSAccessor: Display: Unable to create Visual Studio setup instance: 80040154
[2019.06.19-10.59.05:874][  0]LogFileCache: Scanning file cache for directory 'C:/Users/Shezjust/Documents/GitHub/gameproduction/PlanetOfPeacecraft1/Content/' took 0.02s
[2019.06.19-10.59.05:874][  0]LogCook: Display: Max memory allowance for cook 16384mb min free memory 0mb
[2019.06.19-10.59.05:875][  0]LogCook: Display: Mobile HDR setting 1
[2019.06.19-10.59.06:218][  0]LogWindows: Warning: CreateProc failed: The system cannot find the file specified. (0x00000002)
[2019.06.19-10.59.06:218][  0]LogWindows: Warning: URL: C:/Program Files/Git/bin/git.exe version
[2019.06.19-10.59.06:219][  0]LogWindows: Warning: CreateProc failed: The system cannot find the file specified. (0x00000002)
[2019.06.19-10.59.06:219][  0]LogWindows: Warning: URL: C:/Program Files (x86)/Git/bin/git.exe version
[2019.06.19-10.59.06:219][  0]LogWindows: Warning: CreateProc failed: The system cannot find the file specified. (0x00000002)
[2019.06.19-10.59.06:219][  0]LogWindows: Warning: URL: C:\Users\Shezjust\AppData\Local/Programs/Git/cmd/git.exe version
[2019.06.19-10.59.06:219][  0]LogWindows: Warning: CreateProc failed: The system cannot find the file specified. (0x00000002)
[2019.06.19-10.59.06:219][  0]LogWindows: Warning: URL: C:/Program Files (x86)/SmartGit/git/bin/git.exe version
[2019.06.19-10.59.06:220][  0]LogWindows: Warning: CreateProc failed: The system cannot find the file specified. (0x00000002)
[2019.06.19-10.59.06:220][  0]LogWindows: Warning: URL: C:/Program Files (x86)/SmartGit/bin/git.exe version
[2019.06.19-10.59.06:220][  0]LogWindows: Warning: CreateProc failed: The system cannot find the file specified. (0x00000002)
[2019.06.19-10.59.06:220][  0]LogWindows: Warning: URL: C:\Users\Shezjust\AppData\Local/Atlassian/SourceTree/git_local/bin/git.exe version
[2019.06.19-10.59.06:220][  0]LogWindows: Warning: CreateProc failed: The system cannot find the file specified. (0x00000002)
[2019.06.19-10.59.06:220][  0]LogWindows: Warning: URL: C:/Program Files (x86)/fournova/Tower/vendor/Git/bin/git.exe version
[2019.06.19-10.59.06:220][  0]Cmd: MAP LOAD FILE="../../../../../../Users/Shezjust/Documents/GitHub/gameproduction/PlanetOfPeacecraft1/Content/ThirdPersonBP/Maps/ThirdPersonExampleMap.umap" TEMPLATE=0 SHOWPROGRESS=1 FEATURELEVEL=3
[2019.06.19-10.59.06:221][  0]LightingResults: New page: Lighting Build
[2019.06.19-10.59.06:227][  0]MapCheck: New page: Map Check
[2019.06.19-10.59.06:227][  0]LightingResults: New page: Lighting Build
[2019.06.19-10.59.06:268][  0]LogUObjectHash: Compacting FUObjectHashTables data took   2.63ms
[2019.06.19-10.59.06:731][  0]LogAIModule: Creating AISystem for world ThirdPersonExampleMap
[2019.06.19-10.59.06:744][  0]LogStreaming: Display: ULevelStreaming::RequestLevel(/Game/_MyContent/Maps/JackLevel) is flushing async loading
[2019.06.19-10.59.06:744][  0]LogStreaming: Display: Flushing async loaders.
[2019.06.19-10.59.06:763][  0]LogEditorServer: Finished looking for orphan Actors (0.000 secs)
[2019.06.19-10.59.06:797][  0]LogUObjectHash: Compacting FUObjectHashTables data took   3.37ms
[2019.06.19-10.59.06:797][  0]Cmd: MAP CHECKDEP NOCLEARLOG
[2019.06.19-10.59.06:797][  0]MapCheck: Map check complete: 0 Error(s), 0 Warning(s), took 0.33ms to complete.
[2019.06.19-10.59.06:797][  0]LogFileHelpers: Loading map 'ThirdPersonExampleMap' took 0.577
[2019.06.19-10.59.06:947][  0]LogSlate: Updating window title bar state: overlay mode, drag disabled, window buttons hidden, title bar hidden
[2019.06.19-10.59.06:961][  0]LogSlate: Updating window title bar state: overlay mode, drag disabled, window buttons hidden, title bar hidden
[2019.06.19-10.59.06:977][  0]LogSlate: Updating window title bar state: overlay mode, drag disabled, window buttons hidden, title bar hidden
[2019.06.19-10.59.06:991][  0]LogSlate: Updating window title bar state: overlay mode, drag disabled, window buttons hidden, title bar hidden
[2019.06.19-10.59.07:004][  0]LogCollectionManager: Loaded 0 collections in 0.003882 seconds
[2019.06.19-10.59.07:023][  0]LogFileCache: Scanning file cache for directory 'C:/Users/Shezjust/Documents/GitHub/gameproduction/PlanetOfPeacecraft1/Saved/Collections/' took 0.01s
[2019.06.19-10.59.07:023][  0]LogFileCache: Scanning file cache for directory 'C:/Users/Shezjust/Documents/GitHub/gameproduction/PlanetOfPeacecraft1/Content/Developers/Shezjust/Collections/' took 0.00s
[2019.06.19-10.59.07:023][  0]LogFileCache: Scanning file cache for directory 'C:/Users/Shezjust/Documents/GitHub/gameproduction/PlanetOfPeacecraft1/Content/Collections/' took 0.00s
[2019.06.19-10.59.07:023][  0]LogCollectionManager: Rebuilt the GUID cache for 0 collections in 0.000000 seconds
[2019.06.19-10.59.07:038][  0]LogContentBrowser: Native class hierarchy populated in 0.0150 seconds. Added 2732 classes and 659 folders.
[2019.06.19-10.59.07:051][  0]LogContentBrowser: Native class hierarchy updated for 'WidgetCarousel' in 0.0004 seconds. Added 0 classes and 0 folders.
[2019.06.19-10.59.07:053][  0]LogPakFile: Registered encryption key '00000000000000000000000000000000': 0 pak files mounted, 0 remain pending
[2019.06.19-10.59.07:054][  0]LogPakFile: Registered encryption key '00000000000000000000000000000000': 0 pak files mounted, 0 remain pending
[2019.06.19-10.59.07:055][  0]LogPakFile: Registered encryption key '00000000000000000000000000000000': 0 pak files mounted, 0 remain pending
[2019.06.19-10.59.07:056][  0]LogPakFile: Registered encryption key '00000000000000000000000000000000': 0 pak files mounted, 0 remain pending
[2019.06.19-10.59.07:057][  0]LogPakFile: Registered encryption key '00000000000000000000000000000000': 0 pak files mounted, 0 remain pending
[2019.06.19-10.59.07:058][  0]LogPakFile: Registered encryption key '00000000000000000000000000000000': 0 pak files mounted, 0 remain pending
[2019.06.19-10.59.07:058][  0]LogPakFile: Registered encryption key '00000000000000000000000000000000': 0 pak files mounted, 0 remain pending
[2019.06.19-10.59.07:059][  0]LogPakFile: Registered encryption key '00000000000000000000000000000000': 0 pak files mounted, 0 remain pending
[2019.06.19-10.59.07:060][  0]LogPakFile: Registered encryption key '00000000000000000000000000000000': 0 pak files mounted, 0 remain pending
[2019.06.19-10.59.07:061][  0]LogPakFile: Registered encryption key '00000000000000000000000000000000': 0 pak files mounted, 0 remain pending
[2019.06.19-10.59.07:062][  0]LogPakFile: Registered encryption key '00000000000000000000000000000000': 0 pak files mounted, 0 remain pending
[2019.06.19-10.59.07:062][  0]LogPakFile: Registered encryption key '00000000000000000000000000000000': 0 pak files mounted, 0 remain pending
[2019.06.19-10.59.07:063][  0]LogPakFile: Registered encryption key '00000000000000000000000000000000': 0 pak files mounted, 0 remain pending
[2019.06.19-10.59.07:064][  0]LogPakFile: Registered encryption key '00000000000000000000000000000000': 0 pak files mounted, 0 remain pending
[2019.06.19-10.59.07:065][  0]LogPakFile: Registered encryption key '00000000000000000000000000000000': 0 pak files mounted, 0 remain pending
[2019.06.19-10.59.07:066][  0]LogPakFile: Registered encryption key '00000000000000000000000000000000': 0 pak files mounted, 0 remain pending
[2019.06.19-10.59.07:067][  0]LogPakFile: Registered encryption key '00000000000000000000000000000000': 0 pak files mounted, 0 remain pending
[2019.06.19-10.59.07:067][  0]LogPakFile: Registered encryption key '00000000000000000000000000000000': 0 pak files mounted, 0 remain pending
[2019.06.19-10.59.07:069][  0]LogPakFile: Registered encryption key '00000000000000000000000000000000': 0 pak files mounted, 0 remain pending
[2019.06.19-10.59.07:069][  0]LogPakFile: Registered encryption key '00000000000000000000000000000000': 0 pak files mounted, 0 remain pending
[2019.06.19-10.59.07:070][  0]LogPakFile: Registered encryption key '00000000000000000000000000000000': 0 pak files mounted, 0 remain pending
[2019.06.19-10.59.07:071][  0]LogPakFile: Registered encryption key '00000000000000000000000000000000': 0 pak files mounted, 0 remain pending
[2019.06.19-10.59.07:072][  0]LogPakFile: Registered encryption key '00000000000000000000000000000000': 0 pak files mounted, 0 remain pending
[2019.06.19-10.59.07:074][  0]LogPakFile: Registered encryption key '00000000000000000000000000000000': 0 pak files mounted, 0 remain pending
[2019.06.19-10.59.07:075][  0]LogPakFile: Registered encryption key '00000000000000000000000000000000': 0 pak files mounted, 0 remain pending
[2019.06.19-10.59.07:076][  0]LogPakFile: Registered encryption key '00000000000000000000000000000000': 0 pak files mounted, 0 remain pending
[2019.06.19-10.59.07:140][  0]LogContentBrowser: Native class hierarchy updated for 'AddContentDialog' in 0.0004 seconds. Added 0 classes and 0 folders.
[2019.06.19-10.59.07:149][  0]LogContentBrowser: Native class hierarchy updated for 'SceneOutliner' in 0.0004 seconds. Added 1 classes and 2 folders.
[2019.06.19-10.59.07:171][  0]LogSlate: Took 0.000268 seconds to synchronously load lazily loaded font '../../../Engine/Content/Slate/Fonts/Roboto-Regular.ttf' (155K)
[2019.06.19-10.59.07:176][  0]LogSlate: Took 0.000298 seconds to synchronously load lazily loaded font '../../../Engine/Content/Slate/Fonts/Roboto-Bold.ttf' (160K)
[2019.06.19-10.59.07:185][  0]LogSlate: Took 0.000319 seconds to synchronously load lazily loaded font '../../../Engine/Content/Editor/Slate/Fonts/FontAwesome.ttf' (139K)
[2019.06.19-10.59.07:308][  0]LogRenderer: Reallocating scene render targets to support 856x392 Format 10 NumSamples 1 (Frame:1).
[2019.06.19-10.59.08:307][  0]LogContentBrowser: Native class hierarchy updated for 'HierarchicalLODOutliner' in 0.0004 seconds. Added 0 classes and 0 folders.
[2019.06.19-10.59.08:307][  0]LogLoad: (Engine Initialization) Total time: 13.52 seconds
[2019.06.19-10.59.08:307][  0]LogLoad: (Engine Initialization) Total Blueprint compile time: 0.00 seconds
[2019.06.19-10.59.08:327][  0]LogWindowsTextInputMethodSystem: Display: IME system now deactivated.
[2019.06.19-10.59.08:352][  0]LogContentStreaming: Texture pool size now 1000 MB
[2019.06.19-10.59.08:386][  0]LogSlate: Took 0.000244 seconds to synchronously load lazily loaded font '../../../Engine/Content/Slate/Fonts/Roboto-Light.ttf' (167K)
[2019.06.19-10.59.09:362][ 41]LogSlate: Took 0.000294 seconds to synchronously load lazily loaded font '../../../Engine/Content/Slate/Fonts/Roboto-Light.ttf' (167K)
[2019.06.19-10.59.14:490][340]LogSlate: FSceneViewport::OnFocusLost() reason 0
[2019.06.19-10.59.14:777][357]LogAssetRegistry: Asset discovery search completed in 14.5896 seconds
[2019.06.19-10.59.14:783][357]LogCollectionManager: Rebuilt the object cache for 0 collections in 0.000000 seconds (found 0 objects)
[2019.06.19-10.59.14:783][357]LogCollectionManager: Fixed up redirectors for 0 collections in 0.000079 seconds (updated 0 objects)
[2019.06.19-10.59.20:719][710]LogSlate: FSceneViewport::OnFocusLost() reason 0
[2019.06.19-11.01.44:187][437]LogUObjectHash: Compacting FUObjectHashTables data took   0.72ms
[2019.06.19-11.01.44:418][437]LogSavePackage: Moving '../../../../../../Users/Shezjust/Documents/GitHub/gameproduction/PlanetOfPeacecraft1/Saved/ThirdPersonExampleMapD1CF7A7E41DBC191D65B5CB2241FC0C0.tmp' to '../../../../../../Users/Shezjust/Documents/GitHub/gameproduction/PlanetOfPeacecraft1/Content/ThirdPersonBP/Maps/ThirdPersonExampleMap.umap'
[2019.06.19-11.03.05:704][378]LogLinker: Warning: Can't find file '/Game/_MyContent/Maps/PeterBormannLevel_BuiltData'
[2019.06.19-11.03.05:704][378]LogLinker: Warning: Can't find file for asset '/Game/_MyContent/Maps/PeterBormannLevel_BuiltData' while loading NULL.
[2019.06.19-11.03.05:706][378]LogLinker: Warning: Can't find file '/Game/_MyContent/Maps/PeterBormannLevel_BuiltData'
[2019.06.19-11.03.05:707][378]LogLinker: Warning: Can't find file for asset '/Game/_MyContent/Maps/PeterBormannLevel_BuiltData' while loading NULL.
[2019.06.19-11.03.05:738][378]LogLinker: Warning: Can't find file '/Game/_MyContent/Maps/PeterBormannLevel_BuiltData'
[2019.06.19-11.03.05:739][378]LogLinker: Warning: Can't find file for asset '/Game/_MyContent/Maps/PeterBormannLevel_BuiltData' while loading NULL.
[2019.06.19-11.03.05:739][378]LogLinker: Warning: Can't find file '/Game/_MyContent/Maps/PeterBormannLevel_BuiltData'
[2019.06.19-11.03.05:739][378]LogLinker: Warning: Can't find file for asset '/Game/_MyContent/Maps/PeterBormannLevel_BuiltData' while loading NULL.
[2019.06.19-11.03.05:750][378]LogLinker: Warning: Can't find file '/Game/_MyContent/Maps/PeterBormannLevel_BuiltData'
[2019.06.19-11.03.05:750][378]LoadErrors: Failed to load /Game/_MyContent/Maps/PeterBormannLevel_BuiltData.PeterBormannLevel_BuiltData Referenced by PersistentLevel
[2019.06.19-11.03.05:750][378]LogLinker: Warning: Can't find file for asset '/Game/_MyContent/Maps/PeterBormannLevel_BuiltData' while loading NULL.
[2019.06.19-11.03.05:753][378]LogAIModule: Creating AISystem for world PeterBormannLevel
[2019.06.19-11.03.20:930][283]LogUObjectHash: Compacting FUObjectHashTables data took   2.58ms
[2019.06.19-11.03.21:029][283]LogAIModule: Creating AISystem for world DeklansLevel
[2019.06.19-11.03.23:718][437]LogAssetEditorManager: Opening Asset editor for World /Game/_MyContent/Maps/DeklansLevel.DeklansLevel
[2019.06.19-11.03.23:749][437]LogUObjectHash: Compacting FUObjectHashTables data took   1.93ms
[2019.06.19-11.03.25:359][437]LogSlate: Window 'Save Content' being destroyed
[2019.06.19-11.03.25:413][437]LogUObjectHash: Compacting FUObjectHashTables data took   1.56ms
[2019.06.19-11.03.25:553][437]LogSavePackage: Moving '../../../../../../Users/Shezjust/Documents/GitHub/gameproduction/PlanetOfPeacecraft1/Saved/DeklansLevelED22838A4BFB6DF440B64F9A8D00235A.tmp' to '../../../../../../Users/Shezjust/Documents/GitHub/gameproduction/PlanetOfPeacecraft1/Content/_MyContent/Maps/DeklansLevel.umap'
[2019.06.19-11.03.25:563][437]LogFileHelpers: Saving map 'DeklansLevel' took 0.195
[2019.06.19-11.03.25:566][437]Cmd: MAP LOAD FILE="../../../../../../Users/Shezjust/Documents/GitHub/gameproduction/PlanetOfPeacecraft1/Content/_MyContent/Maps/DeklansLevel.umap" TEMPLATE=0 SHOWPROGRESS=1 FEATURELEVEL=3
[2019.06.19-11.03.25:566][437]LightingResults: New page: Lighting Build
[2019.06.19-11.03.25:567][437]LoadErrors: New page: Loading map: DeklansLevel.umap
[2019.06.19-11.03.25:569][437]MapCheck: New page: Map Check
[2019.06.19-11.03.25:569][437]LightingResults: New page: Lighting Build
[2019.06.19-11.03.25:594][437]LogUObjectHash: Compacting FUObjectHashTables data took   2.27ms
[2019.06.19-11.03.25:618][437]LogUObjectHash: Compacting FUObjectHashTables data took   1.87ms
[2019.06.19-11.03.25:645][437]LogUObjectHash: Compacting FUObjectHashTables data took   2.10ms
[2019.06.19-11.03.25:652][437]LogEditorServer: Finished looking for orphan Actors (0.000 secs)
[2019.06.19-11.03.25:679][437]LogUObjectHash: Compacting FUObjectHashTables data took   1.66ms
[2019.06.19-11.03.25:719][437]Cmd: MAP CHECKDEP NOCLEARLOG
[2019.06.19-11.03.25:720][437]MapCheck: Map check complete: 0 Error(s), 0 Warning(s), took 0.162ms to complete.
[2019.06.19-11.03.25:721][437]LogFileHelpers: Loading map 'DeklansLevel' took 0.156
[2019.06.19-11.03.25:787][437]LogUObjectHash: Compacting FUObjectHashTables data took   0.68ms
[2019.06.19-11.03.52:707][ 31]MapCheck: New page: Map Check
[2019.06.19-11.03.52:727][ 31]Cmd: MAP REBUILD ALLVISIBLE
[2019.06.19-11.03.52:728][ 31]LogEditorServer: Rebuildmap Clear paths rebuilt
[2019.06.19-11.03.52:771][ 31]LogUObjectHash: Compacting FUObjectHashTables data took   1.33ms
[2019.06.19-11.03.52:788][ 31]LogMaterial: Display: Missing cached shader map for material DebugViewMode MaterialTexCoordScale, compiling. 
[2019.06.19-11.03.52:812][ 31]LogMaterial: Display: Missing cached shader map for material DebugViewMode MaterialTexCoordScale, compiling. 
[2019.06.19-11.03.53:858][ 31]TextureStreamingBuild: Display: Compiling optional shaders took 1.081 seconds.
[2019.06.19-11.03.53:884][ 31]LogLevel: Display: Export Material TexCoord Scales took 0.026 seconds.
[2019.06.19-11.03.53:897][ 31]TextureStreamingBuild: Display: Build Texture Streaming took 0.012 seconds.
[2019.06.19-11.03.53:928][ 31]LogUObjectHash: Compacting FUObjectHashTables data took   0.89ms
[2019.06.19-11.03.53:932][ 31]LightingResults: New page: Lighting Build - 20 Jun 2019 6:03:53 am
[2019.06.19-11.03.54:031][ 31]LogSwarmInterface: [OpenConnection] Registering TCP channel ...
[2019.06.19-11.03.54:220][ 31]LogSwarmInterface: [OpenConnection] Connecting to agent ...
[2019.06.19-11.03.54:249][ 31]LogSwarmInterface: [TryOpenConnection] Testing the Agent
[2019.06.19-11.03.55:332][ 31]LogSwarmInterface: [TryOpenConnection] Opening Connection to Agent
[2019.06.19-11.03.55:332][ 31]LogSwarmInterface: [TryOpenConnection] Local Process ID is 10748
[2019.06.19-11.03.58:533][ 31]LogStaticLightingSystem: Warning: No importance volume found, so the scene bounding box was used.  You can optimize your scene's quality and lighting build times by adding importance volumes.
[2019.06.19-11.03.58:534][ 31]LogStaticLightingSystem: Running Lightmass w/ ImmediateImport mode ENABLED
[2019.06.19-11.03.58:534][ 31]LogStaticLightingSystem: Running Lightmass w/ ImmediateProcess mode ENABLED
[2019.06.19-11.03.58:534][ 31]LogStaticLightingSystem: Running Lightmass w/ Sorting mode ENABLED
[2019.06.19-11.03.58:534][ 31]LogStaticLightingSystem: Running Lightmass w/ Mapping paddings ENABLED
[2019.06.19-11.03.58:534][ 31]LogStaticLightingSystem: Running Lightmass w/ Mapping debug paddings DISABLED
[2019.06.19-11.03.58:683][ 31]Cmd: MAP CHECK DONTDISPLAYDIALOG
[2019.06.19-11.03.58:684][ 31]MapCheck: New page: DeklansLevel - 20 Jun 2019 6:03:58 am
[2019.06.19-11.03.58:688][ 31]MapCheck: Map check complete: 0 Error(s), 0 Warning(s), took 4.334ms to complete.
[2019.06.19-11.03.58:711][ 31]LogEditorBuildUtils: Build time 0:05
[2019.06.19-11.03.58:727][ 31]LogMaterial: Display: Missing cached shader map for material FLightmassMaterialRenderer DefaultMaterial, compiling. 
[2019.06.19-11.03.58:748][ 31]LogMaterial: Display: Missing cached shader map for material FLightmassMaterialRenderer DefaultMaterial, compiling. 
[2019.06.19-11.03.59:940][ 39]LogUObjectHash: Compacting FUObjectHashTables data took   0.73ms
[2019.06.19-11.04.02:567][143]Job is a success!
[2019.06.19-11.04.02:644][144]LogVolumetricLightmapImport: Imported Volumetric Lightmap in 0.019s
[2019.06.19-11.04.02:644][144]LogVolumetricLightmapImport:      Indirection Texture 16x16x16 = 0.0Mb
[2019.06.19-11.04.02:644][144]LogVolumetricLightmapImport:      BrickData 10x5x5 = 0.0Mb (trimmed 0.0Mb due to 0.010000 MinBrickError)
[2019.06.19-11.04.02:644][144]LogVolumetricLightmapImport:      Bricks at Level
[2019.06.19-11.04.02:644][144]LogVolumetricLightmapImport:          0: 50.0% covering 100.0% of volume
[2019.06.19-11.04.02:644][144]LogVolumetricLightmapImport:          1: 50.0% covering 1.6% of volume
[2019.06.19-11.04.02:645][144]LogVolumetricLightmapImport:          2: 0.0% covering 0.0% of volume
[2019.06.19-11.04.02:720][144]Lightmass on LAPTOP-48DPVNQM: 1.25 sec total, 325 ms importing, 75 ms setup, 177 ms photons, 617 ms processing, 0 ms extra exporting [2/2 mappings]. Threads: 2.43 sec total, 381 ms processing.
[2019.06.19-11.04.02:725][144]LogStaticLightingSystem: DeklansLevel_BuiltData storing lightmap data for 2 meshes in 1 LightmapResourceClusters (2.0 Meshes per cluster).
[2019.06.19-11.04.02:757][144]LogUObjectHash: Compacting FUObjectHashTables data took   0.60ms
[2019.06.19-11.04.02:768][144]LogStaticLightingSystem: Illumination: 8.81 sec (0 ms encoding lightmaps, 0 ms encoding shadowmaps)
[2019.06.19-11.04.02:768][144]LogStaticLightingSystem: Lightmap texture memory:  0.0 MB (0.0 MB streaming, 0.0 MB non-streaming), 0 textures
[2019.06.19-11.04.02:768][144]LogStaticLightingSystem: Shadowmap texture memory: 0.0 MB (0.0 MB streaming, 0.0 MB non-streaming), 0 textures
[2019.06.19-11.04.03:553][144]DumpUnbuiltLightIteractions
[2019.06.19-11.04.03:553][144]Lights with unbuilt interactions: 0
[2019.06.19-11.04.03:553][144]
[2019.06.19-11.04.03:553][144]Primitives with unbuilt interactions: 0
[2019.06.19-11.04.03:869][145]Cmd: MAP CHECK NOTIFYRESULTS
[2019.06.19-11.04.03:869][145]MapCheck: New page: DeklansLevel - 20 Jun 2019 6:04:03 am
[2019.06.19-11.04.03:869][145]MapCheck: Map check complete: 0 Error(s), 0 Warning(s), took 0.449ms to complete.
[2019.06.19-11.04.09:319][471]LogSlate: FSceneViewport::OnFocusLost() reason 0
[2019.06.19-11.05.55:269][803]LogUObjectHash: Compacting FUObjectHashTables data took   1.60ms
[2019.06.19-11.05.55:408][803]LogSavePackage: Moving '../../../../../../Users/Shezjust/Documents/GitHub/gameproduction/PlanetOfPeacecraft1/Saved/DeklansLevel246B5EF846A1A6B3F4D5F9B0888FDCBC.tmp' to '../../../../../../Users/Shezjust/Documents/GitHub/gameproduction/PlanetOfPeacecraft1/Content/_MyContent/Maps/DeklansLevel.umap'
[2019.06.19-11.05.55:469][803]LogSavePackage: Moving '../../../../../../Users/Shezjust/Documents/GitHub/gameproduction/PlanetOfPeacecraft1/Saved/DeklansLevel_BuiltData765A13CC4EE2E440B0BE358BCE462A2E.tmp' to '../../../../../../Users/Shezjust/Documents/GitHub/gameproduction/PlanetOfPeacecraft1/Content/_MyContent/Maps/DeklansLevel_BuiltData.uasset'
